2024-10-01 16:57:20,831 : INFO : Loaded train data...
2024-10-01 16:57:20,836 : INFO : Word2Vec lifecycle event {'params': 'Word2Vec<vocab=0, vector_size=300, alpha=0.025>', 'datetime': '2024-10-01T16:57:20.833516', 'gensim': '4.3.3', 'python': '3.10.15 | packaged by conda-forge | (main, Sep 30 2024, 17:51:04) [GCC 13.3.0]', 'platform': 'Linux-4.15.0-142-generic-x86_64-with-glibc2.27', 'event': 'created'}
2024-10-01 16:57:20,836 : INFO : collecting all words and their counts
2024-10-01 16:57:20,836 : INFO : PROGRESS: at sentence #0, processed 0 words, keeping 0 word types
2024-10-01 16:57:21,076 : INFO : PROGRESS: at sentence #10000, processed 665937 words, keeping 170871 word types
2024-10-01 16:57:21,224 : INFO : PROGRESS: at sentence #20000, processed 1334299 words, keeping 267096 word types
2024-10-01 16:57:21,367 : INFO : PROGRESS: at sentence #30000, processed 1989023 words, keeping 341348 word types
2024-10-01 16:57:21,527 : INFO : PROGRESS: at sentence #40000, processed 2656447 words, keeping 403359 word types
2024-10-01 16:57:21,676 : INFO : PROGRESS: at sentence #50000, processed 3322454 words, keeping 462183 word types
2024-10-01 16:57:21,826 : INFO : PROGRESS: at sentence #60000, processed 3979339 words, keeping 513065 word types
2024-10-01 16:57:21,976 : INFO : PROGRESS: at sentence #70000, processed 4638205 words, keeping 559723 word types
2024-10-01 16:57:22,150 : INFO : collected 604905 word types from a corpus of 5295138 raw words and 80000 sentences
2024-10-01 16:57:22,150 : INFO : Creating a fresh vocabulary
2024-10-01 16:57:23,819 : INFO : Word2Vec lifecycle event {'msg': 'effective_min_count=1 retains 604905 unique words (100.00% of original 604905, drops 0)', 'datetime': '2024-10-01T16:57:23.819221', 'gensim': '4.3.3', 'python': '3.10.15 | packaged by conda-forge | (main, Sep 30 2024, 17:51:04) [GCC 13.3.0]', 'platform': 'Linux-4.15.0-142-generic-x86_64-with-glibc2.27', 'event': 'prepare_vocab'}
2024-10-01 16:57:23,819 : INFO : Word2Vec lifecycle event {'msg': 'effective_min_count=1 leaves 5295138 word corpus (100.00% of original 5295138, drops 0)', 'datetime': '2024-10-01T16:57:23.819731', 'gensim': '4.3.3', 'python': '3.10.15 | packaged by conda-forge | (main, Sep 30 2024, 17:51:04) [GCC 13.3.0]', 'platform': 'Linux-4.15.0-142-generic-x86_64-with-glibc2.27', 'event': 'prepare_vocab'}
2024-10-01 16:57:26,610 : INFO : deleting the raw counts dictionary of 604905 items
2024-10-01 16:57:26,641 : INFO : sample=0.001 downsamples 0 most-common words
2024-10-01 16:57:26,642 : INFO : Word2Vec lifecycle event {'msg': 'downsampling leaves estimated 5295138 word corpus (100.0%% of prior 5295138)', 'datetime': '2024-10-01T16:57:26.642041', 'gensim': '4.3.3', 'python': '3.10.15 | packaged by conda-forge | (main, Sep 30 2024, 17:51:04) [GCC 13.3.0]', 'platform': 'Linux-4.15.0-142-generic-x86_64-with-glibc2.27', 'event': 'prepare_vocab'}
2024-10-01 16:57:31,542 : INFO : estimated required memory for 604905 words and 300 dimensions: 1754224500 bytes
2024-10-01 16:57:31,542 : INFO : resetting layer weights
2024-10-01 16:57:32,408 : INFO : Word2Vec lifecycle event {'update': False, 'trim_rule': 'None', 'datetime': '2024-10-01T16:57:32.408150', 'gensim': '4.3.3', 'python': '3.10.15 | packaged by conda-forge | (main, Sep 30 2024, 17:51:04) [GCC 13.3.0]', 'platform': 'Linux-4.15.0-142-generic-x86_64-with-glibc2.27', 'event': 'build_vocab'}
2024-10-01 16:57:32,408 : INFO : Word2Vec lifecycle event {'msg': 'training model with 88 workers on 604905 vocabulary and 300 features, using sg=0 hs=0 sample=0.001 negative=5 window=20 shrink_windows=True', 'datetime': '2024-10-01T16:57:32.408551', 'gensim': '4.3.3', 'python': '3.10.15 | packaged by conda-forge | (main, Sep 30 2024, 17:51:04) [GCC 13.3.0]', 'platform': 'Linux-4.15.0-142-generic-x86_64-with-glibc2.27', 'event': 'train'}
2024-10-01 16:57:33,696 : INFO : EPOCH 0 - PROGRESS: at 3.59% examples, 183224 words/s, in_qsize 174, out_qsize 1
2024-10-01 16:57:34,697 : INFO : EPOCH 0 - PROGRESS: at 28.96% examples, 759074 words/s, in_qsize 176, out_qsize 0
2024-10-01 16:57:35,706 : INFO : EPOCH 0 - PROGRESS: at 50.02% examples, 874026 words/s, in_qsize 176, out_qsize 0
2024-10-01 16:57:36,713 : INFO : EPOCH 0 - PROGRESS: at 71.51% examples, 936685 words/s, in_qsize 150, out_qsize 2
2024-10-01 16:57:37,713 : INFO : EPOCH 0 - PROGRESS: at 94.25% examples, 989545 words/s, in_qsize 31, out_qsize 1
2024-10-01 16:57:37,835 : INFO : EPOCH 0: training on 5295138 raw words (5295138 effective words) took 5.2s, 1024433 effective words/s
2024-10-01 16:57:37,836 : INFO : Model Word2Vec<vocab=604905, vector_size=300, alpha=0.025> - Epoch 0 Loss: 194993.140625
2024-10-01 16:57:38,873 : INFO : EPOCH 1 - PROGRESS: at 11.85% examples, 626543 words/s, in_qsize 175, out_qsize 0
2024-10-01 16:57:39,876 : INFO : EPOCH 1 - PROGRESS: at 31.48% examples, 833979 words/s, in_qsize 176, out_qsize 0
2024-10-01 16:57:40,892 : INFO : EPOCH 1 - PROGRESS: at 50.61% examples, 889604 words/s, in_qsize 174, out_qsize 1
2024-10-01 16:57:41,895 : INFO : EPOCH 1 - PROGRESS: at 70.68% examples, 932608 words/s, in_qsize 154, out_qsize 2
2024-10-01 16:57:42,903 : INFO : EPOCH 1 - PROGRESS: at 92.52% examples, 974934 words/s, in_qsize 40, out_qsize 1
2024-10-01 16:57:43,117 : INFO : EPOCH 1: training on 5295138 raw words (5295138 effective words) took 5.2s, 1009621 effective words/s
2024-10-01 16:57:43,118 : INFO : Model Word2Vec<vocab=604905, vector_size=300, alpha=0.025> - Epoch 1 Loss: 154591.359375
2024-10-01 16:57:44,157 : INFO : EPOCH 2 - PROGRESS: at 11.37% examples, 605618 words/s, in_qsize 174, out_qsize 1
2024-10-01 16:57:46,523 : INFO : EPOCH 2 - PROGRESS: at 11.72% examples, 185948 words/s, in_qsize 175, out_qsize 0
2024-10-01 16:57:47,569 : INFO : EPOCH 2 - PROGRESS: at 29.95% examples, 360555 words/s, in_qsize 175, out_qsize 0
2024-10-01 16:57:48,587 : INFO : EPOCH 2 - PROGRESS: at 50.60% examples, 494661 words/s, in_qsize 175, out_qsize 0
2024-10-01 16:57:49,595 : INFO : EPOCH 2 - PROGRESS: at 68.85% examples, 566986 words/s, in_qsize 166, out_qsize 0
2024-10-01 16:57:50,606 : INFO : EPOCH 2 - PROGRESS: at 88.75% examples, 631647 words/s, in_qsize 58, out_qsize 5
2024-10-01 16:57:50,905 : INFO : EPOCH 2: training on 5295138 raw words (5295138 effective words) took 7.7s, 683357 effective words/s
2024-10-01 16:57:50,905 : INFO : Model Word2Vec<vocab=604905, vector_size=300, alpha=0.025> - Epoch 2 Loss: 95798.3125
2024-10-01 16:57:51,953 : INFO : EPOCH 3 - PROGRESS: at 10.25% examples, 542321 words/s, in_qsize 175, out_qsize 1
2024-10-01 16:57:52,969 : INFO : EPOCH 3 - PROGRESS: at 30.29% examples, 795872 words/s, in_qsize 175, out_qsize 3
2024-10-01 16:57:53,983 : INFO : EPOCH 3 - PROGRESS: at 47.65% examples, 831744 words/s, in_qsize 176, out_qsize 0
2024-10-01 16:57:55,036 : INFO : EPOCH 3 - PROGRESS: at 67.96% examples, 882537 words/s, in_qsize 170, out_qsize 0
2024-10-01 16:57:56,048 : INFO : EPOCH 3 - PROGRESS: at 88.71% examples, 921890 words/s, in_qsize 60, out_qsize 1
2024-10-01 16:57:56,426 : INFO : EPOCH 3: training on 5295138 raw words (5295138 effective words) took 5.5s, 966033 effective words/s
2024-10-01 16:57:56,426 : INFO : Model Word2Vec<vocab=604905, vector_size=300, alpha=0.025> - Epoch 3 Loss: 101069.4375
2024-10-01 16:57:57,474 : INFO : EPOCH 4 - PROGRESS: at 11.52% examples, 608740 words/s, in_qsize 167, out_qsize 13
2024-10-01 16:57:58,491 : INFO : EPOCH 4 - PROGRESS: at 33.17% examples, 867696 words/s, in_qsize 175, out_qsize 0
2024-10-01 16:57:59,499 : INFO : EPOCH 4 - PROGRESS: at 53.40% examples, 933678 words/s, in_qsize 176, out_qsize 0
2024-10-01 16:58:00,525 : INFO : EPOCH 4 - PROGRESS: at 72.56% examples, 947503 words/s, in_qsize 144, out_qsize 2
2024-10-01 16:58:01,537 : INFO : EPOCH 4 - PROGRESS: at 92.61% examples, 967062 words/s, in_qsize 37, out_qsize 5
2024-10-01 16:58:01,694 : INFO : EPOCH 4: training on 5295138 raw words (5295138 effective words) took 5.2s, 1012099 effective words/s
2024-10-01 16:58:01,695 : INFO : Model Word2Vec<vocab=604905, vector_size=300, alpha=0.025> - Epoch 4 Loss: 79542.75
2024-10-01 16:58:02,741 : INFO : EPOCH 5 - PROGRESS: at 12.42% examples, 649672 words/s, in_qsize 176, out_qsize 0
2024-10-01 16:58:03,773 : INFO : EPOCH 5 - PROGRESS: at 30.12% examples, 783944 words/s, in_qsize 175, out_qsize 1
2024-10-01 16:58:04,775 : INFO : EPOCH 5 - PROGRESS: at 47.10% examples, 823335 words/s, in_qsize 176, out_qsize 3
2024-10-01 16:58:05,781 : INFO : EPOCH 5 - PROGRESS: at 65.93% examples, 864507 words/s, in_qsize 176, out_qsize 1
2024-10-01 16:58:06,787 : INFO : EPOCH 5 - PROGRESS: at 84.21% examples, 883514 words/s, in_qsize 83, out_qsize 3
2024-10-01 16:58:07,308 : INFO : EPOCH 5: training on 5295138 raw words (5295138 effective words) took 5.6s, 949427 effective words/s
2024-10-01 16:58:07,309 : INFO : Model Word2Vec<vocab=604905, vector_size=300, alpha=0.025> - Epoch 5 Loss: 90154.125
2024-10-01 16:58:08,387 : INFO : EPOCH 6 - PROGRESS: at 12.22% examples, 621386 words/s, in_qsize 176, out_qsize 0
2024-10-01 16:58:09,418 : INFO : EPOCH 6 - PROGRESS: at 30.74% examples, 788193 words/s, in_qsize 176, out_qsize 0
2024-10-01 16:58:10,419 : INFO : EPOCH 6 - PROGRESS: at 48.50% examples, 838911 words/s, in_qsize 175, out_qsize 0
2024-10-01 16:58:11,425 : INFO : EPOCH 6 - PROGRESS: at 68.96% examples, 897819 words/s, in_qsize 164, out_qsize 1
2024-10-01 16:58:12,432 : INFO : EPOCH 6 - PROGRESS: at 84.83% examples, 884548 words/s, in_qsize 79, out_qsize 5
2024-10-01 16:58:12,903 : INFO : EPOCH 6: training on 5295138 raw words (5295138 effective words) took 5.6s, 953220 effective words/s
2024-10-01 16:58:12,903 : INFO : Model Word2Vec<vocab=604905, vector_size=300, alpha=0.025> - Epoch 6 Loss: 85114.375
2024-10-01 16:58:13,943 : INFO : EPOCH 7 - PROGRESS: at 11.76% examples, 624659 words/s, in_qsize 175, out_qsize 0
2024-10-01 16:58:14,953 : INFO : EPOCH 7 - PROGRESS: at 31.34% examples, 825537 words/s, in_qsize 176, out_qsize 0
2024-10-01 16:58:15,964 : INFO : EPOCH 7 - PROGRESS: at 50.73% examples, 891940 words/s, in_qsize 173, out_qsize 2
2024-10-01 16:58:16,985 : INFO : EPOCH 7 - PROGRESS: at 67.43% examples, 885629 words/s, in_qsize 173, out_qsize 0
2024-10-01 16:58:18,009 : INFO : EPOCH 7 - PROGRESS: at 87.95% examples, 920528 words/s, in_qsize 64, out_qsize 1
2024-10-01 16:58:18,346 : INFO : EPOCH 7: training on 5295138 raw words (5295138 effective words) took 5.4s, 979675 effective words/s
2024-10-01 16:58:18,347 : INFO : Model Word2Vec<vocab=604905, vector_size=300, alpha=0.025> - Epoch 7 Loss: 68676.875
2024-10-01 16:58:19,399 : INFO : EPOCH 8 - PROGRESS: at 11.69% examples, 607767 words/s, in_qsize 174, out_qsize 1
2024-10-01 16:58:20,401 : INFO : EPOCH 8 - PROGRESS: at 30.73% examples, 808549 words/s, in_qsize 176, out_qsize 0
2024-10-01 16:58:21,416 : INFO : EPOCH 8 - PROGRESS: at 46.80% examples, 820286 words/s, in_qsize 175, out_qsize 0
2024-10-01 16:58:22,426 : INFO : EPOCH 8 - PROGRESS: at 66.58% examples, 876285 words/s, in_qsize 175, out_qsize 0
2024-10-01 16:58:23,443 : INFO : EPOCH 8 - PROGRESS: at 87.46% examples, 916463 words/s, in_qsize 67, out_qsize 1
2024-10-01 16:58:23,893 : INFO : EPOCH 8: training on 5295138 raw words (5295138 effective words) took 5.5s, 961269 effective words/s
2024-10-01 16:58:23,893 : INFO : Model Word2Vec<vocab=604905, vector_size=300, alpha=0.025> - Epoch 8 Loss: 67767.625
2024-10-01 16:58:24,933 : INFO : EPOCH 9 - PROGRESS: at 11.27% examples, 594322 words/s, in_qsize 175, out_qsize 0
2024-10-01 16:58:25,935 : INFO : EPOCH 9 - PROGRESS: at 32.58% examples, 862574 words/s, in_qsize 176, out_qsize 0
2024-10-01 16:58:26,993 : INFO : EPOCH 9 - PROGRESS: at 52.25% examples, 906076 words/s, in_qsize 176, out_qsize 1
2024-10-01 16:58:27,995 : INFO : EPOCH 9 - PROGRESS: at 70.82% examples, 924769 words/s, in_qsize 155, out_qsize 0
2024-10-01 16:58:29,002 : INFO : EPOCH 9 - PROGRESS: at 92.78% examples, 968773 words/s, in_qsize 39, out_qsize 1
2024-10-01 16:58:29,211 : INFO : EPOCH 9: training on 5295138 raw words (5295138 effective words) took 5.3s, 1002609 effective words/s
2024-10-01 16:58:29,211 : INFO : Model Word2Vec<vocab=604905, vector_size=300, alpha=0.025> - Epoch 9 Loss: 63241.1875
2024-10-01 16:58:30,253 : INFO : EPOCH 10 - PROGRESS: at 10.15% examples, 535025 words/s, in_qsize 175, out_qsize 0
2024-10-01 16:58:31,266 : INFO : EPOCH 10 - PROGRESS: at 30.15% examples, 794162 words/s, in_qsize 173, out_qsize 2
2024-10-01 16:58:32,275 : INFO : EPOCH 10 - PROGRESS: at 47.19% examples, 828869 words/s, in_qsize 176, out_qsize 0
2024-10-01 16:58:33,283 : INFO : EPOCH 10 - PROGRESS: at 64.85% examples, 855853 words/s, in_qsize 176, out_qsize 0
2024-10-01 16:58:34,295 : INFO : EPOCH 10 - PROGRESS: at 84.60% examples, 889407 words/s, in_qsize 81, out_qsize 3
2024-10-01 16:58:34,809 : INFO : EPOCH 10: training on 5295138 raw words (5295138 effective words) took 5.6s, 952499 effective words/s
2024-10-01 16:58:34,810 : INFO : Model Word2Vec<vocab=604905, vector_size=300, alpha=0.025> - Epoch 10 Loss: 81887.1875
2024-10-01 16:58:35,853 : INFO : EPOCH 11 - PROGRESS: at 12.13% examples, 642924 words/s, in_qsize 175, out_qsize 0
2024-10-01 16:58:36,861 : INFO : EPOCH 11 - PROGRESS: at 31.49% examples, 830203 words/s, in_qsize 176, out_qsize 0
2024-10-01 16:58:37,874 : INFO : EPOCH 11 - PROGRESS: at 47.20% examples, 828534 words/s, in_qsize 173, out_qsize 2
2024-10-01 16:58:38,889 : INFO : EPOCH 11 - PROGRESS: at 67.02% examples, 881389 words/s, in_qsize 174, out_qsize 1
2024-10-01 16:58:39,890 : INFO : EPOCH 11 - PROGRESS: at 86.55% examples, 909807 words/s, in_qsize 72, out_qsize 1
2024-10-01 16:58:40,306 : INFO : EPOCH 11: training on 5295138 raw words (5295138 effective words) took 5.5s, 970264 effective words/s
2024-10-01 16:58:40,306 : INFO : Model Word2Vec<vocab=604905, vector_size=300, alpha=0.025> - Epoch 11 Loss: 57426.25
2024-10-01 16:58:41,370 : INFO : EPOCH 12 - PROGRESS: at 10.44% examples, 543231 words/s, in_qsize 174, out_qsize 1
2024-10-01 16:58:42,388 : INFO : EPOCH 12 - PROGRESS: at 32.06% examples, 832467 words/s, in_qsize 174, out_qsize 1
2024-10-01 16:58:43,405 : INFO : EPOCH 12 - PROGRESS: at 52.87% examples, 917014 words/s, in_qsize 175, out_qsize 0
2024-10-01 16:58:44,412 : INFO : EPOCH 12 - PROGRESS: at 73.10% examples, 953983 words/s, in_qsize 143, out_qsize 0
2024-10-01 16:58:45,412 : INFO : EPOCH 12 - PROGRESS: at 90.50% examples, 946172 words/s, in_qsize 50, out_qsize 3
2024-10-01 16:58:45,623 : INFO : EPOCH 12: training on 5295138 raw words (5295138 effective words) took 5.3s, 1003305 effective words/s
2024-10-01 16:58:45,624 : INFO : Model Word2Vec<vocab=604905, vector_size=300, alpha=0.025> - Epoch 12 Loss: 76571.125
2024-10-01 16:58:46,693 : INFO : EPOCH 13 - PROGRESS: at 11.35% examples, 581404 words/s, in_qsize 174, out_qsize 1
2024-10-01 16:58:47,706 : INFO : EPOCH 13 - PROGRESS: at 30.93% examples, 804940 words/s, in_qsize 175, out_qsize 0
2024-10-01 16:58:48,709 : INFO : EPOCH 13 - PROGRESS: at 50.43% examples, 880099 words/s, in_qsize 176, out_qsize 0
2024-10-01 16:58:49,710 : INFO : EPOCH 13 - PROGRESS: at 67.84% examples, 890801 words/s, in_qsize 171, out_qsize 0
2024-10-01 16:58:50,722 : INFO : EPOCH 13 - PROGRESS: at 85.03% examples, 891700 words/s, in_qsize 78, out_qsize 5
2024-10-01 16:58:51,185 : INFO : EPOCH 13: training on 5295138 raw words (5295138 effective words) took 5.5s, 959673 effective words/s
2024-10-01 16:58:51,186 : INFO : Model Word2Vec<vocab=604905, vector_size=300, alpha=0.025> - Epoch 13 Loss: 65441.625
2024-10-01 16:58:52,232 : INFO : EPOCH 14 - PROGRESS: at 11.22% examples, 591371 words/s, in_qsize 176, out_qsize 0
2024-10-01 16:58:53,238 : INFO : EPOCH 14 - PROGRESS: at 27.93% examples, 735466 words/s, in_qsize 176, out_qsize 0
2024-10-01 16:58:54,244 : INFO : EPOCH 14 - PROGRESS: at 46.33% examples, 813399 words/s, in_qsize 176, out_qsize 0
2024-10-01 16:58:55,286 : INFO : EPOCH 14 - PROGRESS: at 65.17% examples, 852110 words/s, in_qsize 175, out_qsize 0
2024-10-01 16:58:56,297 : INFO : EPOCH 14 - PROGRESS: at 83.48% examples, 872666 words/s, in_qsize 88, out_qsize 0
2024-10-01 16:58:56,839 : INFO : EPOCH 14: training on 5295138 raw words (5295138 effective words) took 5.6s, 942900 effective words/s
2024-10-01 16:58:56,840 : INFO : Model Word2Vec<vocab=604905, vector_size=300, alpha=0.025> - Epoch 14 Loss: 62957.75
2024-10-01 16:58:57,886 : INFO : EPOCH 15 - PROGRESS: at 11.82% examples, 621125 words/s, in_qsize 175, out_qsize 0
2024-10-01 16:58:58,895 : INFO : EPOCH 15 - PROGRESS: at 29.88% examples, 784108 words/s, in_qsize 176, out_qsize 0
2024-10-01 16:58:59,904 : INFO : EPOCH 15 - PROGRESS: at 49.93% examples, 874729 words/s, in_qsize 175, out_qsize 1
2024-10-01 16:59:00,948 : INFO : EPOCH 15 - PROGRESS: at 69.84% examples, 911702 words/s, in_qsize 159, out_qsize 1
2024-10-01 16:59:01,952 : INFO : EPOCH 15 - PROGRESS: at 91.89% examples, 958656 words/s, in_qsize 44, out_qsize 1
2024-10-01 16:59:02,166 : INFO : EPOCH 15: training on 5295138 raw words (5295138 effective words) took 5.3s, 1001244 effective words/s
2024-10-01 16:59:02,167 : INFO : Model Word2Vec<vocab=604905, vector_size=300, alpha=0.025> - Epoch 15 Loss: 69526.0
2024-10-01 16:59:03,264 : INFO : EPOCH 16 - PROGRESS: at 11.02% examples, 582984 words/s, in_qsize 176, out_qsize 0
2024-10-01 16:59:04,273 : INFO : EPOCH 16 - PROGRESS: at 32.62% examples, 858643 words/s, in_qsize 176, out_qsize 1
2024-10-01 16:59:05,296 : INFO : EPOCH 16 - PROGRESS: at 49.86% examples, 871206 words/s, in_qsize 176, out_qsize 0
2024-10-01 16:59:06,314 : INFO : EPOCH 16 - PROGRESS: at 69.92% examples, 914786 words/s, in_qsize 159, out_qsize 1
2024-10-01 16:59:07,320 : INFO : EPOCH 16 - PROGRESS: at 92.55% examples, 968907 words/s, in_qsize 39, out_qsize 3
2024-10-01 16:59:07,496 : INFO : EPOCH 16: training on 5295138 raw words (5295138 effective words) took 5.2s, 1010910 effective words/s
2024-10-01 16:59:07,497 : INFO : Model Word2Vec<vocab=604905, vector_size=300, alpha=0.025> - Epoch 16 Loss: 67931.75
2024-10-01 16:59:08,546 : INFO : EPOCH 17 - PROGRESS: at 10.64% examples, 559987 words/s, in_qsize 174, out_qsize 2
2024-10-01 16:59:09,552 : INFO : EPOCH 17 - PROGRESS: at 30.36% examples, 798336 words/s, in_qsize 176, out_qsize 0
2024-10-01 16:59:10,568 : INFO : EPOCH 17 - PROGRESS: at 47.28% examples, 826398 words/s, in_qsize 175, out_qsize 0
2024-10-01 16:59:11,586 : INFO : EPOCH 17 - PROGRESS: at 68.62% examples, 898671 words/s, in_qsize 166, out_qsize 1
2024-10-01 16:59:12,586 : INFO : EPOCH 17 - PROGRESS: at 88.19% examples, 925481 words/s, in_qsize 63, out_qsize 1
2024-10-01 16:59:12,955 : INFO : EPOCH 17: training on 5295138 raw words (5295138 effective words) took 5.4s, 976792 effective words/s
2024-10-01 16:59:12,956 : INFO : Model Word2Vec<vocab=604905, vector_size=300, alpha=0.025> - Epoch 17 Loss: 58725.125
2024-10-01 16:59:14,037 : INFO : EPOCH 18 - PROGRESS: at 12.16% examples, 619510 words/s, in_qsize 175, out_qsize 0
2024-10-01 16:59:15,042 : INFO : EPOCH 18 - PROGRESS: at 31.46% examples, 816178 words/s, in_qsize 176, out_qsize 0
2024-10-01 16:59:16,049 : INFO : EPOCH 18 - PROGRESS: at 49.45% examples, 859724 words/s, in_qsize 176, out_qsize 0
2024-10-01 16:59:17,075 : INFO : EPOCH 18 - PROGRESS: at 68.92% examples, 897052 words/s, in_qsize 165, out_qsize 0
2024-10-01 16:59:18,088 : INFO : EPOCH 18 - PROGRESS: at 88.93% examples, 925756 words/s, in_qsize 59, out_qsize 1
2024-10-01 16:59:18,421 : INFO : EPOCH 18: training on 5295138 raw words (5295138 effective words) took 5.4s, 975748 effective words/s
2024-10-01 16:59:18,422 : INFO : Model Word2Vec<vocab=604905, vector_size=300, alpha=0.025> - Epoch 18 Loss: 55825.625
2024-10-01 16:59:19,475 : INFO : EPOCH 19 - PROGRESS: at 10.71% examples, 557385 words/s, in_qsize 176, out_qsize 1
2024-10-01 16:59:20,485 : INFO : EPOCH 19 - PROGRESS: at 28.74% examples, 755901 words/s, in_qsize 174, out_qsize 1
2024-10-01 16:59:21,518 : INFO : EPOCH 19 - PROGRESS: at 46.30% examples, 803318 words/s, in_qsize 176, out_qsize 0
2024-10-01 16:59:22,533 : INFO : EPOCH 19 - PROGRESS: at 67.27% examples, 876538 words/s, in_qsize 174, out_qsize 0
2024-10-01 16:59:23,552 : INFO : EPOCH 19 - PROGRESS: at 87.09% examples, 906350 words/s, in_qsize 68, out_qsize 3
2024-10-01 16:59:23,941 : INFO : EPOCH 19: training on 5295138 raw words (5295138 effective words) took 5.5s, 965847 effective words/s
2024-10-01 16:59:23,942 : INFO : Model Word2Vec<vocab=604905, vector_size=300, alpha=0.025> - Epoch 19 Loss: 54386.0
2024-10-01 16:59:24,987 : INFO : EPOCH 20 - PROGRESS: at 10.88% examples, 572422 words/s, in_qsize 175, out_qsize 1
2024-10-01 16:59:25,995 : INFO : EPOCH 20 - PROGRESS: at 29.57% examples, 779453 words/s, in_qsize 176, out_qsize 0
2024-10-01 16:59:27,014 : INFO : EPOCH 20 - PROGRESS: at 47.21% examples, 825849 words/s, in_qsize 175, out_qsize 1
2024-10-01 16:59:28,029 : INFO : EPOCH 20 - PROGRESS: at 68.97% examples, 903683 words/s, in_qsize 165, out_qsize 0
2024-10-01 16:59:29,036 : INFO : EPOCH 20 - PROGRESS: at 85.30% examples, 894991 words/s, in_qsize 78, out_qsize 1
2024-10-01 16:59:29,509 : INFO : EPOCH 20: training on 5295138 raw words (5295138 effective words) took 5.5s, 957386 effective words/s
2024-10-01 16:59:29,510 : INFO : Model Word2Vec<vocab=604905, vector_size=300, alpha=0.025> - Epoch 20 Loss: 45789.0
2024-10-01 16:59:30,557 : INFO : EPOCH 21 - PROGRESS: at 12.20% examples, 640374 words/s, in_qsize 175, out_qsize 0
2024-10-01 16:59:31,559 : INFO : EPOCH 21 - PROGRESS: at 32.81% examples, 865444 words/s, in_qsize 176, out_qsize 0
2024-10-01 16:59:32,578 : INFO : EPOCH 21 - PROGRESS: at 51.51% examples, 902961 words/s, in_qsize 176, out_qsize 0
2024-10-01 16:59:33,591 : INFO : EPOCH 21 - PROGRESS: at 72.09% examples, 944781 words/s, in_qsize 149, out_qsize 0
2024-10-01 16:59:34,616 : INFO : EPOCH 21 - PROGRESS: at 95.23% examples, 995062 words/s, in_qsize 26, out_qsize 1
2024-10-01 16:59:34,718 : INFO : EPOCH 21: training on 5295138 raw words (5295138 effective words) took 5.2s, 1024200 effective words/s
2024-10-01 16:59:34,719 : INFO : Model Word2Vec<vocab=604905, vector_size=300, alpha=0.025> - Epoch 21 Loss: 44368.125
2024-10-01 16:59:35,763 : INFO : EPOCH 22 - PROGRESS: at 10.74% examples, 563226 words/s, in_qsize 174, out_qsize 1
2024-10-01 16:59:36,765 : INFO : EPOCH 22 - PROGRESS: at 29.77% examples, 787135 words/s, in_qsize 174, out_qsize 1
2024-10-01 16:59:37,767 : INFO : EPOCH 22 - PROGRESS: at 47.41% examples, 836137 words/s, in_qsize 174, out_qsize 2
2024-10-01 16:59:38,770 : INFO : EPOCH 22 - PROGRESS: at 66.66% examples, 882371 words/s, in_qsize 175, out_qsize 0
2024-10-01 16:59:39,771 : INFO : EPOCH 22 - PROGRESS: at 86.88% examples, 918611 words/s, in_qsize 70, out_qsize 1
2024-10-01 16:59:40,238 : INFO : EPOCH 22: training on 5295138 raw words (5295138 effective words) took 5.5s, 965941 effective words/s
2024-10-01 16:59:40,239 : INFO : Model Word2Vec<vocab=604905, vector_size=300, alpha=0.025> - Epoch 22 Loss: 49534.5
2024-10-01 16:59:41,361 : INFO : EPOCH 23 - PROGRESS: at 12.41% examples, 648117 words/s, in_qsize 175, out_qsize 0
2024-10-01 16:59:42,364 : INFO : EPOCH 23 - PROGRESS: at 29.91% examples, 789490 words/s, in_qsize 175, out_qsize 0
2024-10-01 16:59:43,367 : INFO : EPOCH 23 - PROGRESS: at 49.48% examples, 870096 words/s, in_qsize 175, out_qsize 0
2024-10-01 16:59:44,367 : INFO : EPOCH 23 - PROGRESS: at 69.09% examples, 913429 words/s, in_qsize 162, out_qsize 2
2024-10-01 16:59:45,368 : INFO : EPOCH 23 - PROGRESS: at 87.50% examples, 923547 words/s, in_qsize 67, out_qsize 1
2024-10-01 16:59:45,752 : INFO : EPOCH 23: training on 5295138 raw words (5295138 effective words) took 5.4s, 979754 effective words/s
2024-10-01 16:59:45,753 : INFO : Model Word2Vec<vocab=604905, vector_size=300, alpha=0.025> - Epoch 23 Loss: 28586.75
2024-10-01 16:59:46,791 : INFO : EPOCH 24 - PROGRESS: at 10.47% examples, 555363 words/s, in_qsize 175, out_qsize 0
2024-10-01 16:59:47,797 : INFO : EPOCH 24 - PROGRESS: at 27.38% examples, 722736 words/s, in_qsize 175, out_qsize 0
2024-10-01 16:59:48,802 : INFO : EPOCH 24 - PROGRESS: at 46.44% examples, 818604 words/s, in_qsize 175, out_qsize 1
2024-10-01 16:59:49,837 : INFO : EPOCH 24 - PROGRESS: at 65.73% examples, 862461 words/s, in_qsize 176, out_qsize 0
2024-10-01 16:59:50,961 : INFO : EPOCH 24 - PROGRESS: at 87.28% examples, 894274 words/s, in_qsize 68, out_qsize 1
2024-10-01 16:59:51,317 : INFO : EPOCH 24: training on 5295138 raw words (5295138 effective words) took 5.5s, 957702 effective words/s
2024-10-01 16:59:51,318 : INFO : Model Word2Vec<vocab=604905, vector_size=300, alpha=0.025> - Epoch 24 Loss: 40488.625
2024-10-01 16:59:52,381 : INFO : EPOCH 25 - PROGRESS: at 11.73% examples, 609611 words/s, in_qsize 174, out_qsize 1
2024-10-01 16:59:53,383 : INFO : EPOCH 25 - PROGRESS: at 29.77% examples, 779139 words/s, in_qsize 173, out_qsize 2
2024-10-01 16:59:54,404 : INFO : EPOCH 25 - PROGRESS: at 47.48% examples, 825033 words/s, in_qsize 176, out_qsize 3
2024-10-01 16:59:55,410 : INFO : EPOCH 25 - PROGRESS: at 67.04% examples, 878069 words/s, in_qsize 174, out_qsize 1
2024-10-01 16:59:56,473 : INFO : EPOCH 25 - PROGRESS: at 87.61% examples, 907530 words/s, in_qsize 64, out_qsize 5
2024-10-01 16:59:56,878 : INFO : EPOCH 25: training on 5295138 raw words (5295138 effective words) took 5.5s, 958506 effective words/s
2024-10-01 16:59:56,878 : INFO : Model Word2Vec<vocab=604905, vector_size=300, alpha=0.025> - Epoch 25 Loss: 40810.625
2024-10-01 16:59:57,930 : INFO : EPOCH 26 - PROGRESS: at 8.30% examples, 430594 words/s, in_qsize 175, out_qsize 3
2024-10-01 16:59:58,948 : INFO : EPOCH 26 - PROGRESS: at 30.61% examples, 802011 words/s, in_qsize 176, out_qsize 2
2024-10-01 16:59:59,949 : INFO : EPOCH 26 - PROGRESS: at 48.86% examples, 855754 words/s, in_qsize 176, out_qsize 0
2024-10-01 17:00:00,968 : INFO : EPOCH 26 - PROGRESS: at 69.72% examples, 913111 words/s, in_qsize 161, out_qsize 0
2024-10-01 17:00:01,983 : INFO : EPOCH 26 - PROGRESS: at 88.41% examples, 924451 words/s, in_qsize 62, out_qsize 1
2024-10-01 17:00:02,307 : INFO : EPOCH 26: training on 5295138 raw words (5295138 effective words) took 5.4s, 981951 effective words/s
2024-10-01 17:00:02,308 : INFO : Model Word2Vec<vocab=604905, vector_size=300, alpha=0.025> - Epoch 26 Loss: 46261.375
2024-10-01 17:00:03,368 : INFO : EPOCH 27 - PROGRESS: at 10.88% examples, 563434 words/s, in_qsize 175, out_qsize 1
2024-10-01 17:00:04,374 : INFO : EPOCH 27 - PROGRESS: at 31.83% examples, 833414 words/s, in_qsize 176, out_qsize 0
2024-10-01 17:00:05,393 : INFO : EPOCH 27 - PROGRESS: at 49.39% examples, 861784 words/s, in_qsize 174, out_qsize 2
2024-10-01 17:00:06,394 : INFO : EPOCH 27 - PROGRESS: at 70.48% examples, 923812 words/s, in_qsize 157, out_qsize 0
2024-10-01 17:00:07,394 : INFO : EPOCH 27 - PROGRESS: at 90.07% examples, 945694 words/s, in_qsize 53, out_qsize 1
2024-10-01 17:00:07,650 : INFO : EPOCH 27: training on 5295138 raw words (5295138 effective words) took 5.3s, 998110 effective words/s
2024-10-01 17:00:07,651 : INFO : Model Word2Vec<vocab=604905, vector_size=300, alpha=0.025> - Epoch 27 Loss: 38616.5
2024-10-01 17:00:08,695 : INFO : EPOCH 28 - PROGRESS: at 12.18% examples, 641863 words/s, in_qsize 175, out_qsize 0
2024-10-01 17:00:09,701 : INFO : EPOCH 28 - PROGRESS: at 30.53% examples, 805167 words/s, in_qsize 175, out_qsize 0
2024-10-01 17:00:10,782 : INFO : EPOCH 28 - PROGRESS: at 49.78% examples, 855283 words/s, in_qsize 176, out_qsize 0
2024-10-01 17:00:11,798 : INFO : EPOCH 28 - PROGRESS: at 70.19% examples, 907665 words/s, in_qsize 156, out_qsize 2
2024-10-01 17:00:12,818 : INFO : EPOCH 28 - PROGRESS: at 90.25% examples, 932849 words/s, in_qsize 51, out_qsize 3
2024-10-01 17:00:13,077 : INFO : EPOCH 28: training on 5295138 raw words (5295138 effective words) took 5.4s, 982484 effective words/s
2024-10-01 17:00:13,078 : INFO : Model Word2Vec<vocab=604905, vector_size=300, alpha=0.025> - Epoch 28 Loss: 43397.875
2024-10-01 17:00:14,118 : INFO : EPOCH 29 - PROGRESS: at 11.08% examples, 584381 words/s, in_qsize 176, out_qsize 1
2024-10-01 17:00:15,123 : INFO : EPOCH 29 - PROGRESS: at 28.54% examples, 752835 words/s, in_qsize 176, out_qsize 0
2024-10-01 17:00:16,148 : INFO : EPOCH 29 - PROGRESS: at 47.28% examples, 826371 words/s, in_qsize 175, out_qsize 1
2024-10-01 17:00:17,155 : INFO : EPOCH 29 - PROGRESS: at 68.78% examples, 903668 words/s, in_qsize 166, out_qsize 0
2024-10-01 17:00:18,165 : INFO : EPOCH 29 - PROGRESS: at 87.64% examples, 919964 words/s, in_qsize 66, out_qsize 1
2024-10-01 17:00:18,544 : INFO : EPOCH 29: training on 5295138 raw words (5295138 effective words) took 5.4s, 975327 effective words/s
2024-10-01 17:00:18,545 : INFO : Model Word2Vec<vocab=604905, vector_size=300, alpha=0.025> - Epoch 29 Loss: 36669.75
2024-10-01 17:00:19,584 : INFO : EPOCH 30 - PROGRESS: at 9.93% examples, 525970 words/s, in_qsize 175, out_qsize 0
2024-10-01 17:00:20,585 : INFO : EPOCH 30 - PROGRESS: at 31.49% examples, 834370 words/s, in_qsize 176, out_qsize 0
2024-10-01 17:00:21,601 : INFO : EPOCH 30 - PROGRESS: at 48.93% examples, 860132 words/s, in_qsize 174, out_qsize 1
2024-10-01 17:00:22,610 : INFO : EPOCH 30 - PROGRESS: at 68.06% examples, 896628 words/s, in_qsize 170, out_qsize 0
2024-10-01 17:00:23,630 : INFO : EPOCH 30 - PROGRESS: at 88.24% examples, 926322 words/s, in_qsize 61, out_qsize 5
2024-10-01 17:00:23,941 : INFO : EPOCH 30: training on 5295138 raw words (5295138 effective words) took 5.4s, 988114 effective words/s
2024-10-01 17:00:23,942 : INFO : Model Word2Vec<vocab=604905, vector_size=300, alpha=0.025> - Epoch 30 Loss: 36089.5
2024-10-01 17:00:24,989 : INFO : EPOCH 31 - PROGRESS: at 10.51% examples, 550565 words/s, in_qsize 176, out_qsize 0
2024-10-01 17:00:26,014 : INFO : EPOCH 31 - PROGRESS: at 31.84% examples, 830126 words/s, in_qsize 176, out_qsize 0
2024-10-01 17:00:27,018 : INFO : EPOCH 31 - PROGRESS: at 49.00% examples, 857217 words/s, in_qsize 174, out_qsize 2
2024-10-01 17:00:28,026 : INFO : EPOCH 31 - PROGRESS: at 66.11% examples, 867471 words/s, in_qsize 175, out_qsize 0
2024-10-01 17:00:29,046 : INFO : EPOCH 31 - PROGRESS: at 87.28% examples, 912581 words/s, in_qsize 66, out_qsize 5
2024-10-01 17:00:29,502 : INFO : EPOCH 31: training on 5295138 raw words (5295138 effective words) took 5.5s, 958437 effective words/s
2024-10-01 17:00:29,503 : INFO : Model Word2Vec<vocab=604905, vector_size=300, alpha=0.025> - Epoch 31 Loss: 33129.0
2024-10-01 17:00:30,542 : INFO : EPOCH 32 - PROGRESS: at 11.78% examples, 625682 words/s, in_qsize 175, out_qsize 1
2024-10-01 17:00:31,543 : INFO : EPOCH 32 - PROGRESS: at 29.39% examples, 779911 words/s, in_qsize 175, out_qsize 0
2024-10-01 17:00:32,552 : INFO : EPOCH 32 - PROGRESS: at 49.42% examples, 872483 words/s, in_qsize 175, out_qsize 0
2024-10-01 17:00:33,557 : INFO : EPOCH 32 - PROGRESS: at 69.07% examples, 911515 words/s, in_qsize 165, out_qsize 0
2024-10-01 17:00:34,562 : INFO : EPOCH 32 - PROGRESS: at 89.69% examples, 947153 words/s, in_qsize 50, out_qsize 11
2024-10-01 17:00:34,795 : INFO : EPOCH 32: training on 5295138 raw words (5295138 effective words) took 5.3s, 1007774 effective words/s
2024-10-01 17:00:34,796 : INFO : Model Word2Vec<vocab=604905, vector_size=300, alpha=0.025> - Epoch 32 Loss: 27691.0
2024-10-01 17:00:35,858 : INFO : EPOCH 33 - PROGRESS: at 14.15% examples, 737157 words/s, in_qsize 175, out_qsize 0
2024-10-01 17:00:36,886 : INFO : EPOCH 33 - PROGRESS: at 31.07% examples, 803773 words/s, in_qsize 176, out_qsize 0
2024-10-01 17:00:37,888 : INFO : EPOCH 33 - PROGRESS: at 49.46% examples, 859825 words/s, in_qsize 176, out_qsize 0
2024-10-01 17:00:38,888 : INFO : EPOCH 33 - PROGRESS: at 68.53% examples, 897791 words/s, in_qsize 165, out_qsize 2
2024-10-01 17:00:39,892 : INFO : EPOCH 33 - PROGRESS: at 90.10% examples, 943850 words/s, in_qsize 53, out_qsize 1
2024-10-01 17:00:40,194 : INFO : EPOCH 33: training on 5295138 raw words (5295138 effective words) took 5.4s, 987695 effective words/s
2024-10-01 17:00:40,195 : INFO : Model Word2Vec<vocab=604905, vector_size=300, alpha=0.025> - Epoch 33 Loss: 37816.0
2024-10-01 17:00:41,230 : INFO : EPOCH 34 - PROGRESS: at 13.10% examples, 694653 words/s, in_qsize 175, out_qsize 0
2024-10-01 17:00:42,239 : INFO : EPOCH 34 - PROGRESS: at 30.33% examples, 801629 words/s, in_qsize 173, out_qsize 2
2024-10-01 17:00:43,249 : INFO : EPOCH 34 - PROGRESS: at 46.32% examples, 813361 words/s, in_qsize 174, out_qsize 1
2024-10-01 17:00:44,261 : INFO : EPOCH 34 - PROGRESS: at 64.77% examples, 853527 words/s, in_qsize 174, out_qsize 1
2024-10-01 17:00:45,272 : INFO : EPOCH 34 - PROGRESS: at 83.30% examples, 875720 words/s, in_qsize 83, out_qsize 11
2024-10-01 17:00:45,863 : INFO : EPOCH 34: training on 5295138 raw words (5295138 effective words) took 5.6s, 939728 effective words/s
2024-10-01 17:00:45,864 : INFO : Model Word2Vec<vocab=604905, vector_size=300, alpha=0.025> - Epoch 34 Loss: 31479.5
2024-10-01 17:00:46,909 : INFO : EPOCH 35 - PROGRESS: at 12.34% examples, 651026 words/s, in_qsize 175, out_qsize 0
2024-10-01 17:00:47,927 : INFO : EPOCH 35 - PROGRESS: at 30.69% examples, 804292 words/s, in_qsize 175, out_qsize 1
2024-10-01 17:00:48,942 : INFO : EPOCH 35 - PROGRESS: at 47.60% examples, 830752 words/s, in_qsize 175, out_qsize 0
2024-10-01 17:00:49,954 : INFO : EPOCH 35 - PROGRESS: at 66.27% examples, 868579 words/s, in_qsize 176, out_qsize 0
2024-10-01 17:00:50,959 : INFO : EPOCH 35 - PROGRESS: at 86.11% examples, 902702 words/s, in_qsize 74, out_qsize 1
2024-10-01 17:00:51,356 : INFO : EPOCH 35: training on 5295138 raw words (5295138 effective words) took 5.5s, 970495 effective words/s
2024-10-01 17:00:51,357 : INFO : Model Word2Vec<vocab=604905, vector_size=300, alpha=0.025> - Epoch 35 Loss: 35901.5
2024-10-01 17:00:52,396 : INFO : EPOCH 36 - PROGRESS: at 10.96% examples, 584585 words/s, in_qsize 176, out_qsize 0
2024-10-01 17:00:53,406 : INFO : EPOCH 36 - PROGRESS: at 28.21% examples, 745789 words/s, in_qsize 174, out_qsize 1
2024-10-01 17:00:54,432 : INFO : EPOCH 36 - PROGRESS: at 49.83% examples, 870817 words/s, in_qsize 176, out_qsize 0
2024-10-01 17:00:55,448 : INFO : EPOCH 36 - PROGRESS: at 66.66% examples, 873368 words/s, in_qsize 176, out_qsize 0
2024-10-01 17:00:56,452 : INFO : EPOCH 36 - PROGRESS: at 87.61% examples, 918232 words/s, in_qsize 66, out_qsize 1
2024-10-01 17:00:56,841 : INFO : EPOCH 36: training on 5295138 raw words (5295138 effective words) took 5.4s, 971915 effective words/s
2024-10-01 17:00:56,841 : INFO : Model Word2Vec<vocab=604905, vector_size=300, alpha=0.025> - Epoch 36 Loss: 31681.75
2024-10-01 17:00:57,938 : INFO : EPOCH 37 - PROGRESS: at 11.58% examples, 605747 words/s, in_qsize 174, out_qsize 1
2024-10-01 17:00:58,946 : INFO : EPOCH 37 - PROGRESS: at 31.70% examples, 829690 words/s, in_qsize 176, out_qsize 0
2024-10-01 17:00:59,977 : INFO : EPOCH 37 - PROGRESS: at 50.01% examples, 868849 words/s, in_qsize 176, out_qsize 1
2024-10-01 17:01:00,991 : INFO : EPOCH 37 - PROGRESS: at 68.25% examples, 889291 words/s, in_qsize 168, out_qsize 1
2024-10-01 17:01:01,999 : INFO : EPOCH 37 - PROGRESS: at 85.67% examples, 895120 words/s, in_qsize 75, out_qsize 3
2024-10-01 17:01:02,461 : INFO : EPOCH 37: training on 5295138 raw words (5295138 effective words) took 5.5s, 955602 effective words/s
2024-10-01 17:01:02,461 : INFO : Model Word2Vec<vocab=604905, vector_size=300, alpha=0.025> - Epoch 37 Loss: 35221.25
2024-10-01 17:01:03,524 : INFO : EPOCH 38 - PROGRESS: at 10.13% examples, 524919 words/s, in_qsize 175, out_qsize 5
2024-10-01 17:01:04,554 : INFO : EPOCH 38 - PROGRESS: at 31.68% examples, 818510 words/s, in_qsize 170, out_qsize 5
2024-10-01 17:01:05,555 : INFO : EPOCH 38 - PROGRESS: at 50.85% examples, 882774 words/s, in_qsize 175, out_qsize 2
2024-10-01 17:01:06,556 : INFO : EPOCH 38 - PROGRESS: at 70.97% examples, 929663 words/s, in_qsize 154, out_qsize 0
2024-10-01 17:01:07,581 : INFO : EPOCH 38 - PROGRESS: at 93.03% examples, 971183 words/s, in_qsize 36, out_qsize 3
2024-10-01 17:01:07,738 : INFO : EPOCH 38: training on 5295138 raw words (5295138 effective words) took 5.2s, 1010955 effective words/s
2024-10-01 17:01:07,739 : INFO : Model Word2Vec<vocab=604905, vector_size=300, alpha=0.025> - Epoch 38 Loss: 34273.75
2024-10-01 17:01:08,789 : INFO : EPOCH 39 - PROGRESS: at 13.02% examples, 685572 words/s, in_qsize 176, out_qsize 0
2024-10-01 17:01:09,799 : INFO : EPOCH 39 - PROGRESS: at 32.24% examples, 844938 words/s, in_qsize 170, out_qsize 5
2024-10-01 17:01:10,811 : INFO : EPOCH 39 - PROGRESS: at 52.10% examples, 910610 words/s, in_qsize 176, out_qsize 1
2024-10-01 17:01:11,818 : INFO : EPOCH 39 - PROGRESS: at 72.97% examples, 956962 words/s, in_qsize 144, out_qsize 0
2024-10-01 17:01:12,820 : INFO : EPOCH 39 - PROGRESS: at 93.29% examples, 979785 words/s, in_qsize 36, out_qsize 1
2024-10-01 17:01:12,976 : INFO : EPOCH 39: training on 5295138 raw words (5295138 effective words) took 5.2s, 1017734 effective words/s
2024-10-01 17:01:12,977 : INFO : Model Word2Vec<vocab=604905, vector_size=300, alpha=0.025> - Epoch 39 Loss: 28639.0
2024-10-01 17:01:14,025 : INFO : EPOCH 40 - PROGRESS: at 10.86% examples, 570255 words/s, in_qsize 176, out_qsize 1
2024-10-01 17:01:15,048 : INFO : EPOCH 40 - PROGRESS: at 29.90% examples, 782534 words/s, in_qsize 176, out_qsize 0
2024-10-01 17:01:16,049 : INFO : EPOCH 40 - PROGRESS: at 47.38% examples, 829299 words/s, in_qsize 176, out_qsize 0
2024-10-01 17:01:17,050 : INFO : EPOCH 40 - PROGRESS: at 65.96% examples, 867756 words/s, in_qsize 176, out_qsize 0
2024-10-01 17:01:18,053 : INFO : EPOCH 40 - PROGRESS: at 83.29% examples, 876544 words/s, in_qsize 86, out_qsize 5
2024-10-01 17:01:18,658 : INFO : EPOCH 40: training on 5295138 raw words (5295138 effective words) took 5.6s, 938217 effective words/s
2024-10-01 17:01:18,658 : INFO : Model Word2Vec<vocab=604905, vector_size=300, alpha=0.025> - Epoch 40 Loss: 32758.5
2024-10-01 17:01:19,700 : INFO : EPOCH 41 - PROGRESS: at 10.33% examples, 545328 words/s, in_qsize 175, out_qsize 1
2024-10-01 17:01:20,704 : INFO : EPOCH 41 - PROGRESS: at 29.99% examples, 793327 words/s, in_qsize 175, out_qsize 1
2024-10-01 17:01:21,735 : INFO : EPOCH 41 - PROGRESS: at 48.96% examples, 854680 words/s, in_qsize 172, out_qsize 3
2024-10-01 17:01:22,746 : INFO : EPOCH 41 - PROGRESS: at 70.02% examples, 918770 words/s, in_qsize 158, out_qsize 1
2024-10-01 17:01:23,747 : INFO : EPOCH 41 - PROGRESS: at 87.03% examples, 914094 words/s, in_qsize 69, out_qsize 1
2024-10-01 17:01:24,064 : INFO : EPOCH 41: training on 5295138 raw words (5295138 effective words) took 5.4s, 986633 effective words/s
2024-10-01 17:01:24,065 : INFO : Model Word2Vec<vocab=604905, vector_size=300, alpha=0.025> - Epoch 41 Loss: 28117.25
2024-10-01 17:01:25,137 : INFO : EPOCH 42 - PROGRESS: at 11.82% examples, 605132 words/s, in_qsize 173, out_qsize 2
2024-10-01 17:01:26,145 : INFO : EPOCH 42 - PROGRESS: at 30.96% examples, 803538 words/s, in_qsize 175, out_qsize 0
2024-10-01 17:01:27,149 : INFO : EPOCH 42 - PROGRESS: at 51.12% examples, 891535 words/s, in_qsize 176, out_qsize 0
2024-10-01 17:01:28,173 : INFO : EPOCH 42 - PROGRESS: at 69.73% examples, 909144 words/s, in_qsize 161, out_qsize 0
2024-10-01 17:01:29,175 : INFO : EPOCH 42 - PROGRESS: at 90.46% examples, 945227 words/s, in_qsize 51, out_qsize 1
2024-10-01 17:01:29,425 : INFO : EPOCH 42: training on 5295138 raw words (5295138 effective words) took 5.3s, 994890 effective words/s
2024-10-01 17:01:29,425 : INFO : Model Word2Vec<vocab=604905, vector_size=300, alpha=0.025> - Epoch 42 Loss: 33269.75
2024-10-01 17:01:30,473 : INFO : EPOCH 43 - PROGRESS: at 10.93% examples, 570705 words/s, in_qsize 176, out_qsize 0
2024-10-01 17:01:31,481 : INFO : EPOCH 43 - PROGRESS: at 30.89% examples, 813220 words/s, in_qsize 174, out_qsize 1
2024-10-01 17:01:32,508 : INFO : EPOCH 43 - PROGRESS: at 48.97% examples, 852960 words/s, in_qsize 174, out_qsize 2
2024-10-01 17:01:33,516 : INFO : EPOCH 43 - PROGRESS: at 67.67% examples, 886245 words/s, in_qsize 172, out_qsize 0
2024-10-01 17:01:34,518 : INFO : EPOCH 43 - PROGRESS: at 87.83% examples, 921095 words/s, in_qsize 64, out_qsize 3
2024-10-01 17:01:34,940 : INFO : EPOCH 43: training on 5295138 raw words (5295138 effective words) took 5.5s, 966764 effective words/s
2024-10-01 17:01:34,941 : INFO : Model Word2Vec<vocab=604905, vector_size=300, alpha=0.025> - Epoch 43 Loss: 32805.0
2024-10-01 17:01:36,001 : INFO : EPOCH 44 - PROGRESS: at 12.34% examples, 641694 words/s, in_qsize 176, out_qsize 1
2024-10-01 17:01:37,005 : INFO : EPOCH 44 - PROGRESS: at 32.24% examples, 843893 words/s, in_qsize 175, out_qsize 0
2024-10-01 17:01:38,018 : INFO : EPOCH 44 - PROGRESS: at 51.39% examples, 896654 words/s, in_qsize 176, out_qsize 1
2024-10-01 17:01:39,054 : INFO : EPOCH 44 - PROGRESS: at 69.13% examples, 900527 words/s, in_qsize 164, out_qsize 0
2024-10-01 17:01:40,060 : INFO : EPOCH 44 - PROGRESS: at 90.10% examples, 939624 words/s, in_qsize 50, out_qsize 7
2024-10-01 17:01:40,306 : INFO : EPOCH 44: training on 5295138 raw words (5295138 effective words) took 5.3s, 993818 effective words/s
2024-10-01 17:01:40,307 : INFO : Model Word2Vec<vocab=604905, vector_size=300, alpha=0.025> - Epoch 44 Loss: 22176.75
2024-10-01 17:01:41,354 : INFO : EPOCH 45 - PROGRESS: at 12.99% examples, 675668 words/s, in_qsize 174, out_qsize 1
2024-10-01 17:01:42,365 : INFO : EPOCH 45 - PROGRESS: at 32.57% examples, 853894 words/s, in_qsize 176, out_qsize 0
2024-10-01 17:01:43,391 : INFO : EPOCH 45 - PROGRESS: at 52.83% examples, 919256 words/s, in_qsize 175, out_qsize 1
2024-10-01 17:01:44,426 : INFO : EPOCH 45 - PROGRESS: at 71.26% examples, 924851 words/s, in_qsize 153, out_qsize 0
2024-10-01 17:01:45,432 : INFO : EPOCH 45 - PROGRESS: at 93.89% examples, 976560 words/s, in_qsize 33, out_qsize 1
2024-10-01 17:01:45,654 : INFO : EPOCH 45: training on 5295138 raw words (5295138 effective words) took 5.3s, 996233 effective words/s
2024-10-01 17:01:45,654 : INFO : Model Word2Vec<vocab=604905, vector_size=300, alpha=0.025> - Epoch 45 Loss: 30964.5
2024-10-01 17:01:46,776 : INFO : EPOCH 46 - PROGRESS: at 15.14% examples, 798718 words/s, in_qsize 176, out_qsize 0
2024-10-01 17:01:47,788 : INFO : EPOCH 46 - PROGRESS: at 32.02% examples, 841885 words/s, in_qsize 175, out_qsize 0
2024-10-01 17:01:48,799 : INFO : EPOCH 46 - PROGRESS: at 49.63% examples, 869797 words/s, in_qsize 175, out_qsize 0
2024-10-01 17:01:49,800 : INFO : EPOCH 46 - PROGRESS: at 67.43% examples, 888277 words/s, in_qsize 173, out_qsize 0
2024-10-01 17:01:50,801 : INFO : EPOCH 46 - PROGRESS: at 87.86% examples, 925065 words/s, in_qsize 64, out_qsize 3
2024-10-01 17:01:51,217 : INFO : EPOCH 46: training on 5295138 raw words (5295138 effective words) took 5.4s, 971843 effective words/s
2024-10-01 17:01:51,217 : INFO : Model Word2Vec<vocab=604905, vector_size=300, alpha=0.025> - Epoch 46 Loss: 30129.5
2024-10-01 17:01:52,344 : INFO : EPOCH 47 - PROGRESS: at 14.67% examples, 767238 words/s, in_qsize 176, out_qsize 0
2024-10-01 17:01:53,344 : INFO : EPOCH 47 - PROGRESS: at 31.70% examples, 830506 words/s, in_qsize 176, out_qsize 0
2024-10-01 17:01:54,344 : INFO : EPOCH 47 - PROGRESS: at 49.85% examples, 875321 words/s, in_qsize 175, out_qsize 0
2024-10-01 17:01:55,350 : INFO : EPOCH 47 - PROGRESS: at 69.54% examples, 916045 words/s, in_qsize 161, out_qsize 1
2024-10-01 17:01:56,355 : INFO : EPOCH 47 - PROGRESS: at 88.25% examples, 928657 words/s, in_qsize 61, out_qsize 5
2024-10-01 17:01:56,713 : INFO : EPOCH 47: training on 5295138 raw words (5295138 effective words) took 5.4s, 981832 effective words/s
2024-10-01 17:01:56,714 : INFO : Model Word2Vec<vocab=604905, vector_size=300, alpha=0.025> - Epoch 47 Loss: 30825.5
2024-10-01 17:01:57,801 : INFO : EPOCH 48 - PROGRESS: at 10.35% examples, 535473 words/s, in_qsize 176, out_qsize 0
2024-10-01 17:01:58,806 : INFO : EPOCH 48 - PROGRESS: at 35.26% examples, 914026 words/s, in_qsize 176, out_qsize 0
2024-10-01 17:01:59,822 : INFO : EPOCH 48 - PROGRESS: at 55.12% examples, 955409 words/s, in_qsize 175, out_qsize 1
2024-10-01 17:02:00,835 : INFO : EPOCH 48 - PROGRESS: at 75.89% examples, 988817 words/s, in_qsize 127, out_qsize 1
2024-10-01 17:02:01,836 : INFO : EPOCH 48 - PROGRESS: at 98.49% examples, 1027599 words/s, in_qsize 8, out_qsize 1
2024-10-01 17:02:01,858 : INFO : EPOCH 48: training on 5295138 raw words (5295138 effective words) took 5.1s, 1038701 effective words/s
2024-10-01 17:02:01,859 : INFO : Model Word2Vec<vocab=604905, vector_size=300, alpha=0.025> - Epoch 48 Loss: 30913.75
2024-10-01 17:02:02,902 : INFO : EPOCH 49 - PROGRESS: at 11.21% examples, 594589 words/s, in_qsize 176, out_qsize 0
2024-10-01 17:02:03,923 : INFO : EPOCH 49 - PROGRESS: at 28.81% examples, 756784 words/s, in_qsize 176, out_qsize 2
2024-10-01 17:02:04,924 : INFO : EPOCH 49 - PROGRESS: at 47.76% examples, 838426 words/s, in_qsize 175, out_qsize 0
2024-10-01 17:02:05,928 : INFO : EPOCH 49 - PROGRESS: at 66.43% examples, 874017 words/s, in_qsize 172, out_qsize 3
2024-10-01 17:02:06,934 : INFO : EPOCH 49 - PROGRESS: at 88.69% examples, 934473 words/s, in_qsize 59, out_qsize 3
2024-10-01 17:02:07,295 : INFO : EPOCH 49: training on 5295138 raw words (5295138 effective words) took 5.4s, 981323 effective words/s
2024-10-01 17:02:07,295 : INFO : Model Word2Vec<vocab=604905, vector_size=300, alpha=0.025> - Epoch 49 Loss: 30389.5
2024-10-01 17:02:08,336 : INFO : EPOCH 50 - PROGRESS: at 11.31% examples, 604009 words/s, in_qsize 175, out_qsize 0
2024-10-01 17:02:09,347 : INFO : EPOCH 50 - PROGRESS: at 30.77% examples, 809998 words/s, in_qsize 173, out_qsize 3
2024-10-01 17:02:10,393 : INFO : EPOCH 50 - PROGRESS: at 48.72% examples, 845226 words/s, in_qsize 174, out_qsize 1
2024-10-01 17:02:11,395 : INFO : EPOCH 50 - PROGRESS: at 68.41% examples, 893677 words/s, in_qsize 167, out_qsize 1
2024-10-01 17:02:12,412 : INFO : EPOCH 50 - PROGRESS: at 87.99% examples, 918502 words/s, in_qsize 64, out_qsize 1
2024-10-01 17:02:12,851 : INFO : EPOCH 50: training on 5295138 raw words (5295138 effective words) took 5.5s, 959487 effective words/s
2024-10-01 17:02:12,852 : INFO : Model Word2Vec<vocab=604905, vector_size=300, alpha=0.025> - Epoch 50 Loss: 24524.5
2024-10-01 17:02:13,912 : INFO : EPOCH 51 - PROGRESS: at 11.18% examples, 584606 words/s, in_qsize 173, out_qsize 2
2024-10-01 17:02:14,920 : INFO : EPOCH 51 - PROGRESS: at 30.83% examples, 804114 words/s, in_qsize 175, out_qsize 1
2024-10-01 17:02:15,922 : INFO : EPOCH 51 - PROGRESS: at 50.62% examples, 886492 words/s, in_qsize 175, out_qsize 0
2024-10-01 17:02:16,923 : INFO : EPOCH 51 - PROGRESS: at 69.57% examples, 915527 words/s, in_qsize 161, out_qsize 1
2024-10-01 17:02:17,936 : INFO : EPOCH 51 - PROGRESS: at 89.04% examples, 934696 words/s, in_qsize 58, out_qsize 3
2024-10-01 17:02:18,226 : INFO : EPOCH 51: training on 5295138 raw words (5295138 effective words) took 5.3s, 992567 effective words/s
2024-10-01 17:02:18,227 : INFO : Model Word2Vec<vocab=604905, vector_size=300, alpha=0.025> - Epoch 51 Loss: 29018.75
2024-10-01 17:02:19,273 : INFO : EPOCH 52 - PROGRESS: at 12.41% examples, 651146 words/s, in_qsize 175, out_qsize 0
2024-10-01 17:02:20,279 : INFO : EPOCH 52 - PROGRESS: at 31.64% examples, 834618 words/s, in_qsize 175, out_qsize 0
2024-10-01 17:02:21,287 : INFO : EPOCH 52 - PROGRESS: at 50.98% examples, 895592 words/s, in_qsize 175, out_qsize 0
2024-10-01 17:02:22,290 : INFO : EPOCH 52 - PROGRESS: at 69.57% examples, 916896 words/s, in_qsize 161, out_qsize 1
2024-10-01 17:02:23,293 : INFO : EPOCH 52 - PROGRESS: at 87.97% examples, 927960 words/s, in_qsize 64, out_qsize 1
2024-10-01 17:02:23,607 : INFO : EPOCH 52: training on 5295138 raw words (5295138 effective words) took 5.3s, 991206 effective words/s
2024-10-01 17:02:23,608 : INFO : Model Word2Vec<vocab=604905, vector_size=300, alpha=0.025> - Epoch 52 Loss: 28778.0
2024-10-01 17:02:24,650 : INFO : EPOCH 53 - PROGRESS: at 12.28% examples, 652580 words/s, in_qsize 173, out_qsize 2
2024-10-01 17:02:25,657 : INFO : EPOCH 53 - PROGRESS: at 29.33% examples, 775694 words/s, in_qsize 176, out_qsize 0
2024-10-01 17:02:26,666 : INFO : EPOCH 53 - PROGRESS: at 50.35% examples, 885916 words/s, in_qsize 175, out_qsize 0
2024-10-01 17:02:27,674 : INFO : EPOCH 53 - PROGRESS: at 68.01% examples, 896285 words/s, in_qsize 168, out_qsize 2
2024-10-01 17:02:28,692 : INFO : EPOCH 53 - PROGRESS: at 87.59% examples, 920409 words/s, in_qsize 64, out_qsize 5
2024-10-01 17:02:29,012 : INFO : EPOCH 53: training on 5295138 raw words (5295138 effective words) took 5.4s, 986601 effective words/s
2024-10-01 17:02:29,012 : INFO : Model Word2Vec<vocab=604905, vector_size=300, alpha=0.025> - Epoch 53 Loss: 28806.25
2024-10-01 17:02:30,054 : INFO : EPOCH 54 - PROGRESS: at 11.16% examples, 595176 words/s, in_qsize 176, out_qsize 0
2024-10-01 17:02:31,060 : INFO : EPOCH 54 - PROGRESS: at 29.61% examples, 782600 words/s, in_qsize 176, out_qsize 0
2024-10-01 17:02:32,107 : INFO : EPOCH 54 - PROGRESS: at 46.84% examples, 813883 words/s, in_qsize 175, out_qsize 1
2024-10-01 17:02:33,126 : INFO : EPOCH 54 - PROGRESS: at 71.28% examples, 927918 words/s, in_qsize 153, out_qsize 0
2024-10-01 17:02:34,126 : INFO : EPOCH 54 - PROGRESS: at 89.88% examples, 939196 words/s, in_qsize 54, out_qsize 1
2024-10-01 17:02:34,362 : INFO : EPOCH 54: training on 5295138 raw words (5295138 effective words) took 5.3s, 997170 effective words/s
2024-10-01 17:02:34,363 : INFO : Model Word2Vec<vocab=604905, vector_size=300, alpha=0.025> - Epoch 54 Loss: 28672.0
2024-10-01 17:02:35,409 : INFO : EPOCH 55 - PROGRESS: at 11.64% examples, 611019 words/s, in_qsize 176, out_qsize 2
2024-10-01 17:02:36,415 : INFO : EPOCH 55 - PROGRESS: at 31.67% examples, 834822 words/s, in_qsize 175, out_qsize 0
2024-10-01 17:02:37,441 : INFO : EPOCH 55 - PROGRESS: at 51.78% examples, 906724 words/s, in_qsize 176, out_qsize 0
2024-10-01 17:02:38,459 : INFO : EPOCH 55 - PROGRESS: at 70.08% examples, 916781 words/s, in_qsize 157, out_qsize 2
2024-10-01 17:02:39,460 : INFO : EPOCH 55 - PROGRESS: at 89.48% examples, 938138 words/s, in_qsize 56, out_qsize 1
2024-10-01 17:02:39,732 : INFO : EPOCH 55: training on 5295138 raw words (5295138 effective words) took 5.3s, 993320 effective words/s
2024-10-01 17:02:39,733 : INFO : Model Word2Vec<vocab=604905, vector_size=300, alpha=0.025> - Epoch 55 Loss: 28290.5
2024-10-01 17:02:40,772 : INFO : EPOCH 56 - PROGRESS: at 11.59% examples, 616693 words/s, in_qsize 174, out_qsize 0
2024-10-01 17:02:41,785 : INFO : EPOCH 56 - PROGRESS: at 30.13% examples, 795499 words/s, in_qsize 175, out_qsize 1
2024-10-01 17:02:42,802 : INFO : EPOCH 56 - PROGRESS: at 48.67% examples, 853482 words/s, in_qsize 174, out_qsize 1
2024-10-01 17:02:43,824 : INFO : EPOCH 56 - PROGRESS: at 70.98% examples, 930358 words/s, in_qsize 153, out_qsize 1
2024-10-01 17:02:44,825 : INFO : EPOCH 56 - PROGRESS: at 86.86% examples, 911492 words/s, in_qsize 70, out_qsize 1
2024-10-01 17:02:45,181 : INFO : EPOCH 56: training on 5295138 raw words (5295138 effective words) took 5.4s, 978969 effective words/s
2024-10-01 17:02:45,181 : INFO : Model Word2Vec<vocab=604905, vector_size=300, alpha=0.025> - Epoch 56 Loss: 24293.75
2024-10-01 17:02:46,224 : INFO : EPOCH 57 - PROGRESS: at 10.78% examples, 573251 words/s, in_qsize 176, out_qsize 0
2024-10-01 17:02:47,225 : INFO : EPOCH 57 - PROGRESS: at 29.92% examples, 792909 words/s, in_qsize 175, out_qsize 0
2024-10-01 17:02:48,244 : INFO : EPOCH 57 - PROGRESS: at 50.77% examples, 890915 words/s, in_qsize 176, out_qsize 0
2024-10-01 17:02:49,258 : INFO : EPOCH 57 - PROGRESS: at 68.61% examples, 901277 words/s, in_qsize 167, out_qsize 0
2024-10-01 17:02:50,277 : INFO : EPOCH 57 - PROGRESS: at 87.49% examples, 916415 words/s, in_qsize 67, out_qsize 1
2024-10-01 17:02:50,657 : INFO : EPOCH 57: training on 5295138 raw words (5295138 effective words) took 5.4s, 973473 effective words/s
2024-10-01 17:02:50,658 : INFO : Model Word2Vec<vocab=604905, vector_size=300, alpha=0.025> - Epoch 57 Loss: 20433.75
2024-10-01 17:02:51,726 : INFO : EPOCH 58 - PROGRESS: at 11.78% examples, 608592 words/s, in_qsize 175, out_qsize 0
2024-10-01 17:02:52,741 : INFO : EPOCH 58 - PROGRESS: at 30.73% examples, 797857 words/s, in_qsize 176, out_qsize 1
2024-10-01 17:02:53,759 : INFO : EPOCH 58 - PROGRESS: at 48.57% examples, 841470 words/s, in_qsize 176, out_qsize 1
2024-10-01 17:02:54,760 : INFO : EPOCH 58 - PROGRESS: at 67.28% examples, 878769 words/s, in_qsize 174, out_qsize 0
2024-10-01 17:02:55,764 : INFO : EPOCH 58 - PROGRESS: at 87.62% examples, 916760 words/s, in_qsize 66, out_qsize 1
2024-10-01 17:02:56,136 : INFO : EPOCH 58: training on 5295138 raw words (5295138 effective words) took 5.4s, 973422 effective words/s
2024-10-01 17:02:56,137 : INFO : Model Word2Vec<vocab=604905, vector_size=300, alpha=0.025> - Epoch 58 Loss: 26833.5
2024-10-01 17:02:57,176 : INFO : EPOCH 59 - PROGRESS: at 11.25% examples, 595653 words/s, in_qsize 175, out_qsize 0
2024-10-01 17:02:58,189 : INFO : EPOCH 59 - PROGRESS: at 29.94% examples, 789821 words/s, in_qsize 175, out_qsize 0
2024-10-01 17:02:59,203 : INFO : EPOCH 59 - PROGRESS: at 48.78% examples, 854183 words/s, in_qsize 176, out_qsize 0
2024-10-01 17:03:00,207 : INFO : EPOCH 59 - PROGRESS: at 66.67% examples, 878204 words/s, in_qsize 175, out_qsize 1
2024-10-01 17:03:01,209 : INFO : EPOCH 59 - PROGRESS: at 89.92% examples, 946478 words/s, in_qsize 52, out_qsize 5
2024-10-01 17:03:01,552 : INFO : EPOCH 59: training on 5295138 raw words (5295138 effective words) took 5.4s, 984646 effective words/s
2024-10-01 17:03:01,553 : INFO : Model Word2Vec<vocab=604905, vector_size=300, alpha=0.025> - Epoch 59 Loss: 27158.75
2024-10-01 17:03:02,598 : INFO : EPOCH 60 - PROGRESS: at 12.79% examples, 681664 words/s, in_qsize 176, out_qsize 0
2024-10-01 17:03:03,614 : INFO : EPOCH 60 - PROGRESS: at 32.11% examples, 840875 words/s, in_qsize 176, out_qsize 0
2024-10-01 17:03:04,624 : INFO : EPOCH 60 - PROGRESS: at 49.89% examples, 872818 words/s, in_qsize 176, out_qsize 1
2024-10-01 17:03:05,650 : INFO : EPOCH 60 - PROGRESS: at 70.19% examples, 919069 words/s, in_qsize 158, out_qsize 0
2024-10-01 17:03:06,665 : INFO : EPOCH 60 - PROGRESS: at 91.41% examples, 954811 words/s, in_qsize 46, out_qsize 1
2024-10-01 17:03:06,908 : INFO : EPOCH 60: training on 5295138 raw words (5295138 effective words) took 5.3s, 995862 effective words/s
2024-10-01 17:03:06,909 : INFO : Model Word2Vec<vocab=604905, vector_size=300, alpha=0.025> - Epoch 60 Loss: 19892.75
2024-10-01 17:03:07,944 : INFO : EPOCH 61 - PROGRESS: at 14.25% examples, 755648 words/s, in_qsize 174, out_qsize 3
2024-10-01 17:03:08,971 : INFO : EPOCH 61 - PROGRESS: at 31.10% examples, 814206 words/s, in_qsize 174, out_qsize 1
2024-10-01 17:03:09,985 : INFO : EPOCH 61 - PROGRESS: at 52.94% examples, 925947 words/s, in_qsize 174, out_qsize 1
2024-10-01 17:03:11,002 : INFO : EPOCH 61 - PROGRESS: at 71.74% examples, 938843 words/s, in_qsize 149, out_qsize 1
2024-10-01 17:03:12,005 : INFO : EPOCH 61 - PROGRESS: at 92.51% examples, 968974 words/s, in_qsize 37, out_qsize 7
2024-10-01 17:03:12,221 : INFO : EPOCH 61: training on 5295138 raw words (5295138 effective words) took 5.3s, 1003432 effective words/s
2024-10-01 17:03:12,222 : INFO : Model Word2Vec<vocab=604905, vector_size=300, alpha=0.025> - Epoch 61 Loss: 26188.5
2024-10-01 17:03:13,273 : INFO : EPOCH 62 - PROGRESS: at 12.16% examples, 637262 words/s, in_qsize 176, out_qsize 0
2024-10-01 17:03:14,288 : INFO : EPOCH 62 - PROGRESS: at 30.86% examples, 808696 words/s, in_qsize 174, out_qsize 1
2024-10-01 17:03:15,298 : INFO : EPOCH 62 - PROGRESS: at 51.64% examples, 903600 words/s, in_qsize 176, out_qsize 0
2024-10-01 17:03:16,315 : INFO : EPOCH 62 - PROGRESS: at 69.09% examples, 904913 words/s, in_qsize 164, out_qsize 0
2024-10-01 17:03:17,323 : INFO : EPOCH 62 - PROGRESS: at 92.78% examples, 970308 words/s, in_qsize 39, out_qsize 1
2024-10-01 17:03:17,549 : INFO : EPOCH 62: training on 5295138 raw words (5295138 effective words) took 5.3s, 1000925 effective words/s
2024-10-01 17:03:17,550 : INFO : Model Word2Vec<vocab=604905, vector_size=300, alpha=0.025> - Epoch 62 Loss: 22969.25
2024-10-01 17:03:18,626 : INFO : EPOCH 63 - PROGRESS: at 9.43% examples, 479525 words/s, in_qsize 176, out_qsize 0
2024-10-01 17:03:19,627 : INFO : EPOCH 63 - PROGRESS: at 28.29% examples, 737128 words/s, in_qsize 175, out_qsize 0
2024-10-01 17:03:20,638 : INFO : EPOCH 63 - PROGRESS: at 46.53% examples, 809322 words/s, in_qsize 175, out_qsize 0
2024-10-01 17:03:21,671 : INFO : EPOCH 63 - PROGRESS: at 64.61% examples, 840959 words/s, in_qsize 175, out_qsize 0
2024-10-01 17:03:22,687 : INFO : EPOCH 63 - PROGRESS: at 83.74% examples, 870371 words/s, in_qsize 83, out_qsize 9
2024-10-01 17:03:23,253 : INFO : EPOCH 63: training on 5295138 raw words (5295138 effective words) took 5.7s, 935044 effective words/s
2024-10-01 17:03:23,253 : INFO : Model Word2Vec<vocab=604905, vector_size=300, alpha=0.025> - Epoch 63 Loss: 33722.0
2024-10-01 17:03:24,297 : INFO : EPOCH 64 - PROGRESS: at 12.52% examples, 662637 words/s, in_qsize 176, out_qsize 0
2024-10-01 17:03:25,305 : INFO : EPOCH 64 - PROGRESS: at 30.01% examples, 790350 words/s, in_qsize 175, out_qsize 1
2024-10-01 17:03:26,334 : INFO : EPOCH 64 - PROGRESS: at 48.92% examples, 853633 words/s, in_qsize 174, out_qsize 1
2024-10-01 17:03:27,336 : INFO : EPOCH 64 - PROGRESS: at 68.18% examples, 895436 words/s, in_qsize 169, out_qsize 0
2024-10-01 17:03:28,372 : INFO : EPOCH 64 - PROGRESS: at 87.99% examples, 918511 words/s, in_qsize 60, out_qsize 9
2024-10-01 17:03:28,682 : INFO : EPOCH 64: training on 5295138 raw words (5295138 effective words) took 5.4s, 982352 effective words/s
2024-10-01 17:03:28,683 : INFO : Model Word2Vec<vocab=604905, vector_size=300, alpha=0.025> - Epoch 64 Loss: 25919.5
2024-10-01 17:03:29,736 : INFO : EPOCH 65 - PROGRESS: at 13.02% examples, 686006 words/s, in_qsize 176, out_qsize 0
2024-10-01 17:03:30,748 : INFO : EPOCH 65 - PROGRESS: at 31.27% examples, 819944 words/s, in_qsize 176, out_qsize 0
2024-10-01 17:03:31,760 : INFO : EPOCH 65 - PROGRESS: at 51.96% examples, 907235 words/s, in_qsize 176, out_qsize 0
2024-10-01 17:03:32,771 : INFO : EPOCH 65 - PROGRESS: at 68.50% examples, 896574 words/s, in_qsize 168, out_qsize 0
2024-10-01 17:03:33,781 : INFO : EPOCH 65 - PROGRESS: at 90.92% examples, 951745 words/s, in_qsize 45, out_qsize 9
2024-10-01 17:03:34,024 : INFO : EPOCH 65: training on 5295138 raw words (5295138 effective words) took 5.3s, 998645 effective words/s
2024-10-01 17:03:34,025 : INFO : Model Word2Vec<vocab=604905, vector_size=300, alpha=0.025> - Epoch 65 Loss: 25939.75
2024-10-01 17:03:35,066 : INFO : EPOCH 66 - PROGRESS: at 12.10% examples, 642473 words/s, in_qsize 174, out_qsize 2
2024-10-01 17:03:36,114 : INFO : EPOCH 66 - PROGRESS: at 31.80% examples, 823271 words/s, in_qsize 174, out_qsize 1
2024-10-01 17:03:37,120 : INFO : EPOCH 66 - PROGRESS: at 49.80% examples, 865025 words/s, in_qsize 176, out_qsize 0
2024-10-01 17:03:38,128 : INFO : EPOCH 66 - PROGRESS: at 70.06% examples, 914654 words/s, in_qsize 159, out_qsize 0
2024-10-01 17:03:39,145 : INFO : EPOCH 66 - PROGRESS: at 93.33% examples, 972295 words/s, in_qsize 36, out_qsize 1
2024-10-01 17:03:39,324 : INFO : EPOCH 66: training on 5295138 raw words (5295138 effective words) took 5.3s, 1005829 effective words/s
2024-10-01 17:03:39,325 : INFO : Model Word2Vec<vocab=604905, vector_size=300, alpha=0.025> - Epoch 66 Loss: 25139.25
2024-10-01 17:03:40,364 : INFO : EPOCH 67 - PROGRESS: at 10.13% examples, 535832 words/s, in_qsize 176, out_qsize 4
2024-10-01 17:03:41,432 : INFO : EPOCH 67 - PROGRESS: at 30.86% examples, 792692 words/s, in_qsize 171, out_qsize 4
2024-10-01 17:03:42,432 : INFO : EPOCH 67 - PROGRESS: at 52.25% examples, 904178 words/s, in_qsize 175, out_qsize 0
2024-10-01 17:03:43,437 : INFO : EPOCH 67 - PROGRESS: at 71.60% examples, 932498 words/s, in_qsize 151, out_qsize 0
2024-10-01 17:03:44,443 : INFO : EPOCH 67 - PROGRESS: at 90.05% examples, 939647 words/s, in_qsize 53, out_qsize 1
2024-10-01 17:03:44,694 : INFO : EPOCH 67: training on 5295138 raw words (5295138 effective words) took 5.3s, 993020 effective words/s
2024-10-01 17:03:44,694 : INFO : Model Word2Vec<vocab=604905, vector_size=300, alpha=0.025> - Epoch 67 Loss: 29230.25
2024-10-01 17:03:45,760 : INFO : EPOCH 68 - PROGRESS: at 10.24% examples, 532203 words/s, in_qsize 175, out_qsize 0
2024-10-01 17:03:46,775 : INFO : EPOCH 68 - PROGRESS: at 31.09% examples, 808277 words/s, in_qsize 175, out_qsize 1
2024-10-01 17:03:47,778 : INFO : EPOCH 68 - PROGRESS: at 50.02% examples, 872147 words/s, in_qsize 175, out_qsize 0
2024-10-01 17:03:48,785 : INFO : EPOCH 68 - PROGRESS: at 69.32% examples, 908340 words/s, in_qsize 159, out_qsize 4
2024-10-01 17:03:49,785 : INFO : EPOCH 68 - PROGRESS: at 89.81% examples, 943072 words/s, in_qsize 50, out_qsize 9
2024-10-01 17:03:50,051 : INFO : EPOCH 68: training on 5295138 raw words (5295138 effective words) took 5.3s, 995598 effective words/s
2024-10-01 17:03:50,052 : INFO : Model Word2Vec<vocab=604905, vector_size=300, alpha=0.025> - Epoch 68 Loss: 21569.0
2024-10-01 17:03:51,094 : INFO : EPOCH 69 - PROGRESS: at 10.32% examples, 542221 words/s, in_qsize 174, out_qsize 2
2024-10-01 17:03:52,115 : INFO : EPOCH 69 - PROGRESS: at 29.41% examples, 769732 words/s, in_qsize 175, out_qsize 0
2024-10-01 17:03:53,134 : INFO : EPOCH 69 - PROGRESS: at 49.41% examples, 861793 words/s, in_qsize 176, out_qsize 0
2024-10-01 17:03:54,136 : INFO : EPOCH 69 - PROGRESS: at 68.03% examples, 891581 words/s, in_qsize 170, out_qsize 0
2024-10-01 17:03:55,139 : INFO : EPOCH 69 - PROGRESS: at 88.92% examples, 933168 words/s, in_qsize 59, out_qsize 1
2024-10-01 17:03:55,525 : INFO : EPOCH 69: training on 5295138 raw words (5295138 effective words) took 5.4s, 973642 effective words/s
2024-10-01 17:03:55,526 : INFO : Model Word2Vec<vocab=604905, vector_size=300, alpha=0.025> - Epoch 69 Loss: 18000.5
2024-10-01 17:03:56,574 : INFO : EPOCH 70 - PROGRESS: at 10.84% examples, 575670 words/s, in_qsize 175, out_qsize 0
2024-10-01 17:03:57,618 : INFO : EPOCH 70 - PROGRESS: at 30.85% examples, 801971 words/s, in_qsize 176, out_qsize 1
2024-10-01 17:03:58,626 : INFO : EPOCH 70 - PROGRESS: at 47.92% examples, 834084 words/s, in_qsize 174, out_qsize 4
2024-10-01 17:03:59,637 : INFO : EPOCH 70 - PROGRESS: at 68.10% examples, 890880 words/s, in_qsize 169, out_qsize 0
2024-10-01 17:04:00,645 : INFO : EPOCH 70 - PROGRESS: at 87.84% examples, 917675 words/s, in_qsize 65, out_qsize 1
2024-10-01 17:04:01,042 : INFO : EPOCH 70: training on 5295138 raw words (5295138 effective words) took 5.5s, 968053 effective words/s
2024-10-01 17:04:01,043 : INFO : Model Word2Vec<vocab=604905, vector_size=300, alpha=0.025> - Epoch 70 Loss: 21514.25
2024-10-01 17:04:02,099 : INFO : EPOCH 71 - PROGRESS: at 11.18% examples, 586162 words/s, in_qsize 176, out_qsize 1
2024-10-01 17:04:03,105 : INFO : EPOCH 71 - PROGRESS: at 29.77% examples, 781217 words/s, in_qsize 175, out_qsize 1
2024-10-01 17:04:04,114 : INFO : EPOCH 71 - PROGRESS: at 47.27% examples, 826700 words/s, in_qsize 173, out_qsize 2
2024-10-01 17:04:05,144 : INFO : EPOCH 71 - PROGRESS: at 67.71% examples, 883867 words/s, in_qsize 170, out_qsize 2
2024-10-01 17:04:06,146 : INFO : EPOCH 71 - PROGRESS: at 84.64% examples, 885856 words/s, in_qsize 82, out_qsize 1
2024-10-01 17:04:06,656 : INFO : EPOCH 71: training on 5295138 raw words (5295138 effective words) took 5.6s, 949891 effective words/s
2024-10-01 17:04:06,656 : INFO : Model Word2Vec<vocab=604905, vector_size=300, alpha=0.025> - Epoch 71 Loss: 21571.75
2024-10-01 17:04:07,694 : INFO : EPOCH 72 - PROGRESS: at 10.78% examples, 575855 words/s, in_qsize 176, out_qsize 0
2024-10-01 17:04:08,710 : INFO : EPOCH 72 - PROGRESS: at 33.94% examples, 892363 words/s, in_qsize 176, out_qsize 0
2024-10-01 17:04:09,714 : INFO : EPOCH 72 - PROGRESS: at 51.82% examples, 912113 words/s, in_qsize 176, out_qsize 0
2024-10-01 17:04:10,726 : INFO : EPOCH 72 - PROGRESS: at 70.38% examples, 927360 words/s, in_qsize 157, out_qsize 0
2024-10-01 17:04:11,729 : INFO : EPOCH 72 - PROGRESS: at 93.49% examples, 983806 words/s, in_qsize 35, out_qsize 1
2024-10-01 17:04:11,894 : INFO : EPOCH 72: training on 5295138 raw words (5295138 effective words) took 5.2s, 1018108 effective words/s
2024-10-01 17:04:11,894 : INFO : Model Word2Vec<vocab=604905, vector_size=300, alpha=0.025> - Epoch 72 Loss: 21584.5
2024-10-01 17:04:12,933 : INFO : EPOCH 73 - PROGRESS: at 12.30% examples, 654650 words/s, in_qsize 176, out_qsize 0
2024-10-01 17:04:13,956 : INFO : EPOCH 73 - PROGRESS: at 34.61% examples, 908549 words/s, in_qsize 175, out_qsize 0
2024-10-01 17:04:14,973 : INFO : EPOCH 73 - PROGRESS: at 53.64% examples, 935515 words/s, in_qsize 176, out_qsize 1
2024-10-01 17:04:15,985 : INFO : EPOCH 73 - PROGRESS: at 73.17% examples, 957015 words/s, in_qsize 143, out_qsize 0
2024-10-01 17:04:16,986 : INFO : EPOCH 73 - PROGRESS: at 96.40% examples, 1010123 words/s, in_qsize 19, out_qsize 1
2024-10-01 17:04:17,102 : INFO : EPOCH 73: training on 5295138 raw words (5295138 effective words) took 5.2s, 1024049 effective words/s
2024-10-01 17:04:17,102 : INFO : Model Word2Vec<vocab=604905, vector_size=300, alpha=0.025> - Epoch 73 Loss: 20921.25
2024-10-01 17:04:18,142 : INFO : EPOCH 74 - PROGRESS: at 11.54% examples, 616308 words/s, in_qsize 176, out_qsize 0
2024-10-01 17:04:19,147 : INFO : EPOCH 74 - PROGRESS: at 30.32% examples, 803726 words/s, in_qsize 175, out_qsize 0
2024-10-01 17:04:20,182 : INFO : EPOCH 74 - PROGRESS: at 49.28% examples, 860524 words/s, in_qsize 175, out_qsize 0
2024-10-01 17:04:21,188 : INFO : EPOCH 74 - PROGRESS: at 70.11% examples, 919578 words/s, in_qsize 159, out_qsize 0
2024-10-01 17:04:22,191 : INFO : EPOCH 74 - PROGRESS: at 88.71% examples, 931961 words/s, in_qsize 60, out_qsize 1
2024-10-01 17:04:22,525 : INFO : EPOCH 74: training on 5295138 raw words (5295138 effective words) took 5.4s, 983571 effective words/s
2024-10-01 17:04:22,526 : INFO : Model Word2Vec<vocab=604905, vector_size=300, alpha=0.025> - Epoch 74 Loss: 21011.75
2024-10-01 17:04:23,562 : INFO : EPOCH 75 - PROGRESS: at 13.95% examples, 744630 words/s, in_qsize 176, out_qsize 1
2024-10-01 17:04:24,564 : INFO : EPOCH 75 - PROGRESS: at 31.33% examples, 829455 words/s, in_qsize 176, out_qsize 0
2024-10-01 17:04:25,567 : INFO : EPOCH 75 - PROGRESS: at 50.29% examples, 887009 words/s, in_qsize 175, out_qsize 0
2024-10-01 17:04:26,579 : INFO : EPOCH 75 - PROGRESS: at 68.73% examples, 908525 words/s, in_qsize 164, out_qsize 2
2024-10-01 17:04:27,583 : INFO : EPOCH 75 - PROGRESS: at 88.73% examples, 937005 words/s, in_qsize 60, out_qsize 1
2024-10-01 17:04:27,943 : INFO : EPOCH 75: training on 5295138 raw words (5295138 effective words) took 5.4s, 983728 effective words/s
2024-10-01 17:04:27,944 : INFO : Model Word2Vec<vocab=604905, vector_size=300, alpha=0.025> - Epoch 75 Loss: 20981.0
2024-10-01 17:04:28,991 : INFO : EPOCH 76 - PROGRESS: at 11.51% examples, 610995 words/s, in_qsize 176, out_qsize 1
2024-10-01 17:04:30,045 : INFO : EPOCH 76 - PROGRESS: at 30.28% examples, 781275 words/s, in_qsize 174, out_qsize 1
2024-10-01 17:04:31,045 : INFO : EPOCH 76 - PROGRESS: at 47.96% examples, 831384 words/s, in_qsize 175, out_qsize 0
2024-10-01 17:04:32,077 : INFO : EPOCH 76 - PROGRESS: at 69.90% examples, 906257 words/s, in_qsize 159, out_qsize 1
2024-10-01 17:04:33,092 : INFO : EPOCH 76 - PROGRESS: at 88.65% examples, 920899 words/s, in_qsize 57, out_qsize 7
2024-10-01 17:04:33,363 : INFO : EPOCH 76: training on 5295138 raw words (5295138 effective words) took 5.4s, 984001 effective words/s
2024-10-01 17:04:33,364 : INFO : Model Word2Vec<vocab=604905, vector_size=300, alpha=0.025> - Epoch 76 Loss: 20021.75
2024-10-01 17:04:34,401 : INFO : EPOCH 77 - PROGRESS: at 11.24% examples, 595425 words/s, in_qsize 170, out_qsize 5
2024-10-01 17:04:35,403 : INFO : EPOCH 77 - PROGRESS: at 33.52% examples, 887978 words/s, in_qsize 175, out_qsize 0
2024-10-01 17:04:36,426 : INFO : EPOCH 77 - PROGRESS: at 52.66% examples, 923647 words/s, in_qsize 176, out_qsize 0
2024-10-01 17:04:37,431 : INFO : EPOCH 77 - PROGRESS: at 72.42% examples, 952462 words/s, in_qsize 147, out_qsize 0
2024-10-01 17:04:38,433 : INFO : EPOCH 77 - PROGRESS: at 92.68% examples, 976257 words/s, in_qsize 38, out_qsize 3
2024-10-01 17:04:38,604 : INFO : EPOCH 77: training on 5295138 raw words (5295138 effective words) took 5.2s, 1017294 effective words/s
2024-10-01 17:04:38,605 : INFO : Model Word2Vec<vocab=604905, vector_size=300, alpha=0.025> - Epoch 77 Loss: 20084.75
2024-10-01 17:04:39,726 : INFO : EPOCH 78 - PROGRESS: at 12.38% examples, 653515 words/s, in_qsize 175, out_qsize 0
2024-10-01 17:04:40,732 : INFO : EPOCH 78 - PROGRESS: at 31.12% examples, 821621 words/s, in_qsize 175, out_qsize 0
2024-10-01 17:04:41,740 : INFO : EPOCH 78 - PROGRESS: at 49.01% examples, 863817 words/s, in_qsize 175, out_qsize 0
2024-10-01 17:04:42,766 : INFO : EPOCH 78 - PROGRESS: at 69.56% examples, 912702 words/s, in_qsize 161, out_qsize 1
2024-10-01 17:04:43,788 : INFO : EPOCH 78 - PROGRESS: at 89.76% examples, 938818 words/s, in_qsize 55, out_qsize 1
2024-10-01 17:04:44,117 : INFO : EPOCH 78: training on 5295138 raw words (5295138 effective words) took 5.4s, 981538 effective words/s
2024-10-01 17:04:44,118 : INFO : Model Word2Vec<vocab=604905, vector_size=300, alpha=0.025> - Epoch 78 Loss: 27973.75
2024-10-01 17:04:45,183 : INFO : EPOCH 79 - PROGRESS: at 11.61% examples, 599387 words/s, in_qsize 173, out_qsize 2
2024-10-01 17:04:46,188 : INFO : EPOCH 79 - PROGRESS: at 32.08% examples, 836296 words/s, in_qsize 174, out_qsize 1
2024-10-01 17:04:47,190 : INFO : EPOCH 79 - PROGRESS: at 50.94% examples, 891502 words/s, in_qsize 176, out_qsize 2
2024-10-01 17:04:48,194 : INFO : EPOCH 79 - PROGRESS: at 68.80% examples, 903776 words/s, in_qsize 166, out_qsize 0
2024-10-01 17:04:49,216 : INFO : EPOCH 79 - PROGRESS: at 88.40% examples, 925660 words/s, in_qsize 61, out_qsize 3
2024-10-01 17:04:49,481 : INFO : EPOCH 79: training on 5295138 raw words (5295138 effective words) took 5.3s, 994084 effective words/s
2024-10-01 17:04:49,482 : INFO : Model Word2Vec<vocab=604905, vector_size=300, alpha=0.025> - Epoch 79 Loss: 20683.75
2024-10-01 17:04:50,541 : INFO : EPOCH 80 - PROGRESS: at 12.00% examples, 621639 words/s, in_qsize 175, out_qsize 0
2024-10-01 17:04:51,548 : INFO : EPOCH 80 - PROGRESS: at 29.53% examples, 773850 words/s, in_qsize 174, out_qsize 1
2024-10-01 17:04:52,552 : INFO : EPOCH 80 - PROGRESS: at 48.60% examples, 849240 words/s, in_qsize 175, out_qsize 1
2024-10-01 17:04:53,562 : INFO : EPOCH 80 - PROGRESS: at 67.28% examples, 883172 words/s, in_qsize 174, out_qsize 0
2024-10-01 17:04:54,563 : INFO : EPOCH 80 - PROGRESS: at 88.19% examples, 926718 words/s, in_qsize 63, out_qsize 1
2024-10-01 17:04:54,985 : INFO : EPOCH 80: training on 5295138 raw words (5295138 effective words) took 5.5s, 968516 effective words/s
2024-10-01 17:04:54,985 : INFO : Model Word2Vec<vocab=604905, vector_size=300, alpha=0.025> - Epoch 80 Loss: 22293.5
2024-10-01 17:04:56,026 : INFO : EPOCH 81 - PROGRESS: at 12.50% examples, 665181 words/s, in_qsize 174, out_qsize 1
2024-10-01 17:04:57,041 : INFO : EPOCH 81 - PROGRESS: at 28.61% examples, 754496 words/s, in_qsize 176, out_qsize 0
2024-10-01 17:04:58,063 : INFO : EPOCH 81 - PROGRESS: at 50.32% examples, 880624 words/s, in_qsize 176, out_qsize 0
2024-10-01 17:04:59,076 : INFO : EPOCH 81 - PROGRESS: at 68.77% examples, 900844 words/s, in_qsize 166, out_qsize 0
2024-10-01 17:05:00,078 : INFO : EPOCH 81 - PROGRESS: at 88.72% examples, 931030 words/s, in_qsize 60, out_qsize 1
2024-10-01 17:05:00,388 : INFO : EPOCH 81: training on 5295138 raw words (5295138 effective words) took 5.4s, 987065 effective words/s
2024-10-01 17:05:00,389 : INFO : Model Word2Vec<vocab=604905, vector_size=300, alpha=0.025> - Epoch 81 Loss: 23359.25
2024-10-01 17:05:01,523 : INFO : EPOCH 82 - PROGRESS: at 11.84% examples, 618558 words/s, in_qsize 175, out_qsize 0
2024-10-01 17:05:02,527 : INFO : EPOCH 82 - PROGRESS: at 31.84% examples, 838058 words/s, in_qsize 176, out_qsize 0
2024-10-01 17:05:03,539 : INFO : EPOCH 82 - PROGRESS: at 50.64% examples, 886740 words/s, in_qsize 176, out_qsize 0
2024-10-01 17:05:04,553 : INFO : EPOCH 82 - PROGRESS: at 68.97% examples, 905532 words/s, in_qsize 165, out_qsize 0
2024-10-01 17:05:05,565 : INFO : EPOCH 82 - PROGRESS: at 91.35% examples, 958560 words/s, in_qsize 44, out_qsize 5
2024-10-01 17:05:05,830 : INFO : EPOCH 82: training on 5295138 raw words (5295138 effective words) took 5.3s, 995260 effective words/s
2024-10-01 17:05:05,831 : INFO : Model Word2Vec<vocab=604905, vector_size=300, alpha=0.025> - Epoch 82 Loss: 20183.75
2024-10-01 17:05:06,877 : INFO : EPOCH 83 - PROGRESS: at 10.91% examples, 572231 words/s, in_qsize 176, out_qsize 0
2024-10-01 17:05:07,878 : INFO : EPOCH 83 - PROGRESS: at 29.39% examples, 777123 words/s, in_qsize 175, out_qsize 0
2024-10-01 17:05:08,885 : INFO : EPOCH 83 - PROGRESS: at 48.55% examples, 854093 words/s, in_qsize 176, out_qsize 0
2024-10-01 17:05:09,917 : INFO : EPOCH 83 - PROGRESS: at 68.96% examples, 904283 words/s, in_qsize 165, out_qsize 0
2024-10-01 17:05:10,930 : INFO : EPOCH 83 - PROGRESS: at 87.93% examples, 921906 words/s, in_qsize 61, out_qsize 7
2024-10-01 17:05:11,316 : INFO : EPOCH 83: training on 5295138 raw words (5295138 effective words) took 5.4s, 972070 effective words/s
2024-10-01 17:05:11,316 : INFO : Model Word2Vec<vocab=604905, vector_size=300, alpha=0.025> - Epoch 83 Loss: 20141.0
2024-10-01 17:05:12,355 : INFO : EPOCH 84 - PROGRESS: at 10.91% examples, 576361 words/s, in_qsize 174, out_qsize 1
2024-10-01 17:05:13,385 : INFO : EPOCH 84 - PROGRESS: at 30.33% examples, 793802 words/s, in_qsize 176, out_qsize 1
2024-10-01 17:05:14,389 : INFO : EPOCH 84 - PROGRESS: at 48.84% examples, 852656 words/s, in_qsize 173, out_qsize 2
2024-10-01 17:05:15,405 : INFO : EPOCH 84 - PROGRESS: at 68.96% examples, 904025 words/s, in_qsize 165, out_qsize 0
2024-10-01 17:05:16,413 : INFO : EPOCH 84 - PROGRESS: at 89.30% examples, 936197 words/s, in_qsize 57, out_qsize 1
2024-10-01 17:05:16,720 : INFO : EPOCH 84: training on 5295138 raw words (5295138 effective words) took 5.4s, 986959 effective words/s
2024-10-01 17:05:16,721 : INFO : Model Word2Vec<vocab=604905, vector_size=300, alpha=0.025> - Epoch 84 Loss: 23048.0
2024-10-01 17:05:17,775 : INFO : EPOCH 85 - PROGRESS: at 11.62% examples, 607927 words/s, in_qsize 175, out_qsize 0
2024-10-01 17:05:18,782 : INFO : EPOCH 85 - PROGRESS: at 30.87% examples, 811885 words/s, in_qsize 175, out_qsize 0
2024-10-01 17:05:19,789 : INFO : EPOCH 85 - PROGRESS: at 48.31% examples, 847720 words/s, in_qsize 175, out_qsize 0
2024-10-01 17:05:20,791 : INFO : EPOCH 85 - PROGRESS: at 68.90% examples, 908440 words/s, in_qsize 165, out_qsize 0
2024-10-01 17:05:21,792 : INFO : EPOCH 85 - PROGRESS: at 87.87% examples, 925419 words/s, in_qsize 65, out_qsize 1
2024-10-01 17:05:22,197 : INFO : EPOCH 85: training on 5295138 raw words (5295138 effective words) took 5.4s, 974080 effective words/s
2024-10-01 17:05:22,198 : INFO : Model Word2Vec<vocab=604905, vector_size=300, alpha=0.025> - Epoch 85 Loss: 23780.0
2024-10-01 17:05:23,243 : INFO : EPOCH 86 - PROGRESS: at 13.58% examples, 719955 words/s, in_qsize 175, out_qsize 0
2024-10-01 17:05:24,266 : INFO : EPOCH 86 - PROGRESS: at 30.56% examples, 798092 words/s, in_qsize 174, out_qsize 1
2024-10-01 17:05:25,268 : INFO : EPOCH 86 - PROGRESS: at 52.66% examples, 921680 words/s, in_qsize 176, out_qsize 0
2024-10-01 17:05:26,286 : INFO : EPOCH 86 - PROGRESS: at 72.70% examples, 952660 words/s, in_qsize 145, out_qsize 0
2024-10-01 17:05:27,308 : INFO : EPOCH 86 - PROGRESS: at 93.31% examples, 974602 words/s, in_qsize 36, out_qsize 1
2024-10-01 17:05:27,427 : INFO : EPOCH 86: training on 5295138 raw words (5295138 effective words) took 5.2s, 1019798 effective words/s
2024-10-01 17:05:27,428 : INFO : Model Word2Vec<vocab=604905, vector_size=300, alpha=0.025> - Epoch 86 Loss: 22843.5
2024-10-01 17:05:28,671 : INFO : EPOCH 87 - PROGRESS: at 11.12% examples, 587807 words/s, in_qsize 176, out_qsize 1
2024-10-01 17:05:29,671 : INFO : EPOCH 87 - PROGRESS: at 32.73% examples, 863702 words/s, in_qsize 175, out_qsize 0
2024-10-01 17:05:30,679 : INFO : EPOCH 87 - PROGRESS: at 52.25% examples, 918393 words/s, in_qsize 176, out_qsize 0
2024-10-01 17:05:31,690 : INFO : EPOCH 87 - PROGRESS: at 72.75% examples, 956823 words/s, in_qsize 144, out_qsize 1
2024-10-01 17:05:32,699 : INFO : EPOCH 87 - PROGRESS: at 94.00% examples, 988342 words/s, in_qsize 29, out_qsize 7
2024-10-01 17:05:32,817 : INFO : EPOCH 87: training on 5295138 raw words (5295138 effective words) took 5.2s, 1025953 effective words/s
2024-10-01 17:05:32,818 : INFO : Model Word2Vec<vocab=604905, vector_size=300, alpha=0.025> - Epoch 87 Loss: 26211.25
2024-10-01 17:05:33,878 : INFO : EPOCH 88 - PROGRESS: at 13.02% examples, 670304 words/s, in_qsize 176, out_qsize 1
2024-10-01 17:05:34,894 : INFO : EPOCH 88 - PROGRESS: at 33.73% examples, 878004 words/s, in_qsize 175, out_qsize 0
2024-10-01 17:05:35,921 : INFO : EPOCH 88 - PROGRESS: at 53.96% examples, 934393 words/s, in_qsize 176, out_qsize 1
2024-10-01 17:05:36,925 : INFO : EPOCH 88 - PROGRESS: at 73.06% examples, 953111 words/s, in_qsize 143, out_qsize 0
2024-10-01 17:05:37,927 : INFO : EPOCH 88 - PROGRESS: at 95.82% examples, 1000653 words/s, in_qsize 22, out_qsize 1
2024-10-01 17:05:37,988 : INFO : EPOCH 88: training on 5295138 raw words (5295138 effective words) took 5.1s, 1031465 effective words/s
2024-10-01 17:05:37,989 : INFO : Model Word2Vec<vocab=604905, vector_size=300, alpha=0.025> - Epoch 88 Loss: 19940.5
2024-10-01 17:05:39,065 : INFO : EPOCH 89 - PROGRESS: at 11.21% examples, 573727 words/s, in_qsize 176, out_qsize 1
2024-10-01 17:05:40,081 : INFO : EPOCH 89 - PROGRESS: at 32.32% examples, 836975 words/s, in_qsize 176, out_qsize 0
2024-10-01 17:05:41,099 : INFO : EPOCH 89 - PROGRESS: at 50.58% examples, 873921 words/s, in_qsize 175, out_qsize 0
2024-10-01 17:05:42,111 : INFO : EPOCH 89 - PROGRESS: at 69.11% examples, 898335 words/s, in_qsize 162, out_qsize 2
2024-10-01 17:05:43,145 : INFO : EPOCH 89 - PROGRESS: at 89.56% examples, 926845 words/s, in_qsize 56, out_qsize 1
2024-10-01 17:05:43,485 : INFO : EPOCH 89: training on 5295138 raw words (5295138 effective words) took 5.5s, 969914 effective words/s
2024-10-01 17:05:43,485 : INFO : Model Word2Vec<vocab=604905, vector_size=300, alpha=0.025> - Epoch 89 Loss: 16523.5
2024-10-01 17:05:44,527 : INFO : EPOCH 90 - PROGRESS: at 11.81% examples, 623291 words/s, in_qsize 175, out_qsize 1
2024-10-01 17:05:45,572 : INFO : EPOCH 90 - PROGRESS: at 29.94% examples, 776154 words/s, in_qsize 175, out_qsize 1
2024-10-01 17:05:46,575 : INFO : EPOCH 90 - PROGRESS: at 48.95% examples, 850503 words/s, in_qsize 175, out_qsize 0
2024-10-01 17:05:47,589 : INFO : EPOCH 90 - PROGRESS: at 67.92% examples, 885382 words/s, in_qsize 171, out_qsize 0
2024-10-01 17:05:48,590 : INFO : EPOCH 90 - PROGRESS: at 85.17% examples, 891022 words/s, in_qsize 76, out_qsize 7
2024-10-01 17:05:49,099 : INFO : EPOCH 90: training on 5295138 raw words (5295138 effective words) took 5.6s, 949350 effective words/s
2024-10-01 17:05:49,100 : INFO : Model Word2Vec<vocab=604905, vector_size=300, alpha=0.025> - Epoch 90 Loss: 22958.25
2024-10-01 17:05:50,158 : INFO : EPOCH 91 - PROGRESS: at 11.32% examples, 595542 words/s, in_qsize 175, out_qsize 0
2024-10-01 17:05:51,182 : INFO : EPOCH 91 - PROGRESS: at 31.67% examples, 822906 words/s, in_qsize 176, out_qsize 0
2024-10-01 17:05:52,198 : INFO : EPOCH 91 - PROGRESS: at 51.55% examples, 894693 words/s, in_qsize 171, out_qsize 5
2024-10-01 17:05:53,208 : INFO : EPOCH 91 - PROGRESS: at 68.78% examples, 897324 words/s, in_qsize 166, out_qsize 0
2024-10-01 17:05:54,212 : INFO : EPOCH 91 - PROGRESS: at 89.11% examples, 931589 words/s, in_qsize 57, out_qsize 3
2024-10-01 17:05:54,453 : INFO : EPOCH 91: training on 5295138 raw words (5295138 effective words) took 5.3s, 996568 effective words/s
2024-10-01 17:05:54,454 : INFO : Model Word2Vec<vocab=604905, vector_size=300, alpha=0.025> - Epoch 91 Loss: 16526.0
2024-10-01 17:05:55,498 : INFO : EPOCH 92 - PROGRESS: at 11.23% examples, 591393 words/s, in_qsize 176, out_qsize 5
2024-10-01 17:05:56,519 : INFO : EPOCH 92 - PROGRESS: at 30.33% examples, 793924 words/s, in_qsize 175, out_qsize 0
2024-10-01 17:05:57,523 : INFO : EPOCH 92 - PROGRESS: at 48.19% examples, 843047 words/s, in_qsize 176, out_qsize 0
2024-10-01 17:05:58,529 : INFO : EPOCH 92 - PROGRESS: at 67.42% examples, 886531 words/s, in_qsize 172, out_qsize 1
2024-10-01 17:05:59,547 : INFO : EPOCH 92 - PROGRESS: at 86.69% examples, 908776 words/s, in_qsize 71, out_qsize 1
2024-10-01 17:05:59,924 : INFO : EPOCH 92: training on 5295138 raw words (5295138 effective words) took 5.4s, 974320 effective words/s
2024-10-01 17:05:59,925 : INFO : Model Word2Vec<vocab=604905, vector_size=300, alpha=0.025> - Epoch 92 Loss: 16274.75
2024-10-01 17:06:01,007 : INFO : EPOCH 93 - PROGRESS: at 11.20% examples, 571717 words/s, in_qsize 172, out_qsize 3
2024-10-01 17:06:02,007 : INFO : EPOCH 93 - PROGRESS: at 30.88% examples, 803170 words/s, in_qsize 175, out_qsize 0
2024-10-01 17:06:03,014 : INFO : EPOCH 93 - PROGRESS: at 49.35% examples, 857752 words/s, in_qsize 173, out_qsize 2
2024-10-01 17:06:04,035 : INFO : EPOCH 93 - PROGRESS: at 69.96% examples, 911500 words/s, in_qsize 160, out_qsize 0
2024-10-01 17:06:05,036 : INFO : EPOCH 93 - PROGRESS: at 87.85% examples, 917827 words/s, in_qsize 65, out_qsize 1
2024-10-01 17:06:05,423 : INFO : EPOCH 93: training on 5295138 raw words (5295138 effective words) took 5.5s, 969893 effective words/s
2024-10-01 17:06:05,424 : INFO : Model Word2Vec<vocab=604905, vector_size=300, alpha=0.025> - Epoch 93 Loss: 22755.5
2024-10-01 17:06:06,465 : INFO : EPOCH 94 - PROGRESS: at 13.06% examples, 692244 words/s, in_qsize 175, out_qsize 0
2024-10-01 17:06:07,477 : INFO : EPOCH 94 - PROGRESS: at 31.27% examples, 822979 words/s, in_qsize 176, out_qsize 1
2024-10-01 17:06:08,490 : INFO : EPOCH 94 - PROGRESS: at 49.10% examples, 860035 words/s, in_qsize 175, out_qsize 0
2024-10-01 17:06:09,491 : INFO : EPOCH 94 - PROGRESS: at 67.08% examples, 883460 words/s, in_qsize 175, out_qsize 0
2024-10-01 17:06:10,508 : INFO : EPOCH 94 - PROGRESS: at 88.75% examples, 931925 words/s, in_qsize 60, out_qsize 1
2024-10-01 17:06:10,885 : INFO : EPOCH 94: training on 5295138 raw words (5295138 effective words) took 5.4s, 975793 effective words/s
2024-10-01 17:06:10,886 : INFO : Model Word2Vec<vocab=604905, vector_size=300, alpha=0.025> - Epoch 94 Loss: 19543.5
2024-10-01 17:06:11,931 : INFO : EPOCH 95 - PROGRESS: at 10.75% examples, 573321 words/s, in_qsize 169, out_qsize 6
2024-10-01 17:06:12,938 : INFO : EPOCH 95 - PROGRESS: at 30.87% examples, 814829 words/s, in_qsize 175, out_qsize 1
2024-10-01 17:06:13,973 : INFO : EPOCH 95 - PROGRESS: at 48.71% examples, 848463 words/s, in_qsize 176, out_qsize 0
2024-10-01 17:06:14,978 : INFO : EPOCH 95 - PROGRESS: at 68.76% examples, 900647 words/s, in_qsize 162, out_qsize 4
2024-10-01 17:06:16,012 : INFO : EPOCH 95 - PROGRESS: at 88.55% examples, 922949 words/s, in_qsize 59, out_qsize 5
2024-10-01 17:06:16,318 : INFO : EPOCH 95: training on 5295138 raw words (5295138 effective words) took 5.4s, 981634 effective words/s
2024-10-01 17:06:16,319 : INFO : Model Word2Vec<vocab=604905, vector_size=300, alpha=0.025> - Epoch 95 Loss: 22262.0
2024-10-01 17:06:17,387 : INFO : EPOCH 96 - PROGRESS: at 10.68% examples, 550915 words/s, in_qsize 176, out_qsize 0
2024-10-01 17:06:18,391 : INFO : EPOCH 96 - PROGRESS: at 29.74% examples, 778131 words/s, in_qsize 175, out_qsize 0
2024-10-01 17:06:19,403 : INFO : EPOCH 96 - PROGRESS: at 49.97% examples, 872637 words/s, in_qsize 176, out_qsize 1
2024-10-01 17:06:20,417 : INFO : EPOCH 96 - PROGRESS: at 68.22% examples, 892276 words/s, in_qsize 169, out_qsize 0
2024-10-01 17:06:21,466 : INFO : EPOCH 96 - PROGRESS: at 92.12% examples, 956327 words/s, in_qsize 41, out_qsize 3
2024-10-01 17:06:21,710 : INFO : EPOCH 96: training on 5295138 raw words (5295138 effective words) took 5.4s, 989336 effective words/s
2024-10-01 17:06:21,711 : INFO : Model Word2Vec<vocab=604905, vector_size=300, alpha=0.025> - Epoch 96 Loss: 19131.75
2024-10-01 17:06:22,762 : INFO : EPOCH 97 - PROGRESS: at 12.09% examples, 639109 words/s, in_qsize 176, out_qsize 0
2024-10-01 17:06:23,766 : INFO : EPOCH 97 - PROGRESS: at 29.06% examples, 764774 words/s, in_qsize 176, out_qsize 0
2024-10-01 17:06:24,827 : INFO : EPOCH 97 - PROGRESS: at 48.90% examples, 843999 words/s, in_qsize 175, out_qsize 0
2024-10-01 17:06:25,830 : INFO : EPOCH 97 - PROGRESS: at 67.08% examples, 873018 words/s, in_qsize 175, out_qsize 0
2024-10-01 17:06:26,836 : INFO : EPOCH 97 - PROGRESS: at 89.11% examples, 929355 words/s, in_qsize 57, out_qsize 3
2024-10-01 17:06:27,145 : INFO : EPOCH 97: training on 5295138 raw words (5295138 effective words) took 5.4s, 981519 effective words/s
2024-10-01 17:06:27,146 : INFO : Model Word2Vec<vocab=604905, vector_size=300, alpha=0.025> - Epoch 97 Loss: 20163.25
2024-10-01 17:06:28,186 : INFO : EPOCH 98 - PROGRESS: at 12.86% examples, 684416 words/s, in_qsize 176, out_qsize 1
2024-10-01 17:06:29,192 : INFO : EPOCH 98 - PROGRESS: at 31.29% examples, 827053 words/s, in_qsize 176, out_qsize 0
2024-10-01 17:06:30,193 : INFO : EPOCH 98 - PROGRESS: at 49.66% examples, 876209 words/s, in_qsize 175, out_qsize 0
2024-10-01 17:06:31,199 : INFO : EPOCH 98 - PROGRESS: at 70.80% examples, 936568 words/s, in_qsize 155, out_qsize 0
2024-10-01 17:06:32,203 : INFO : EPOCH 98 - PROGRESS: at 88.42% examples, 933674 words/s, in_qsize 62, out_qsize 1
2024-10-01 17:06:32,532 : INFO : EPOCH 98: training on 5295138 raw words (5295138 effective words) took 5.3s, 990048 effective words/s
2024-10-01 17:06:32,533 : INFO : Model Word2Vec<vocab=604905, vector_size=300, alpha=0.025> - Epoch 98 Loss: 19319.25
2024-10-01 17:06:33,582 : INFO : EPOCH 99 - PROGRESS: at 11.79% examples, 619802 words/s, in_qsize 174, out_qsize 1
2024-10-01 17:06:34,584 : INFO : EPOCH 99 - PROGRESS: at 30.93% examples, 815551 words/s, in_qsize 174, out_qsize 2
2024-10-01 17:06:35,596 : INFO : EPOCH 99 - PROGRESS: at 49.61% examples, 871590 words/s, in_qsize 175, out_qsize 0
2024-10-01 17:06:36,619 : INFO : EPOCH 99 - PROGRESS: at 68.23% examples, 894789 words/s, in_qsize 169, out_qsize 0
2024-10-01 17:06:37,620 : INFO : EPOCH 99 - PROGRESS: at 89.08% examples, 935941 words/s, in_qsize 58, out_qsize 1
2024-10-01 17:06:37,913 : INFO : EPOCH 99: training on 5295138 raw words (5295138 effective words) took 5.3s, 991281 effective words/s
2024-10-01 17:06:37,914 : INFO : Model Word2Vec<vocab=604905, vector_size=300, alpha=0.025> - Epoch 99 Loss: 22104.0
2024-10-01 17:06:37,915 : INFO : Word2Vec lifecycle event {'msg': 'training on 529513800 raw words (529513800 effective words) took 545.5s, 970684 effective words/s', 'datetime': '2024-10-01T17:06:37.915060', 'gensim': '4.3.3', 'python': '3.10.15 | packaged by conda-forge | (main, Sep 30 2024, 17:51:04) [GCC 13.3.0]', 'platform': 'Linux-4.15.0-142-generic-x86_64-with-glibc2.27', 'event': 'train'}
2024-10-01 17:06:37,915 : INFO : Losses per epoch:
2024-10-01 17:06:37,915 : INFO : {0: 194993.140625, 1: 154591.359375, 2: 95798.3125, 3: 101069.4375, 4: 79542.75, 5: 90154.125, 6: 85114.375, 7: 68676.875, 8: 67767.625, 9: 63241.1875, 10: 81887.1875, 11: 57426.25, 12: 76571.125, 13: 65441.625, 14: 62957.75, 15: 69526.0, 16: 67931.75, 17: 58725.125, 18: 55825.625, 19: 54386.0, 20: 45789.0, 21: 44368.125, 22: 49534.5, 23: 28586.75, 24: 40488.625, 25: 40810.625, 26: 46261.375, 27: 38616.5, 28: 43397.875, 29: 36669.75, 30: 36089.5, 31: 33129.0, 32: 27691.0, 33: 37816.0, 34: 31479.5, 35: 35901.5, 36: 31681.75, 37: 35221.25, 38: 34273.75, 39: 28639.0, 40: 32758.5, 41: 28117.25, 42: 33269.75, 43: 32805.0, 44: 22176.75, 45: 30964.5, 46: 30129.5, 47: 30825.5, 48: 30913.75, 49: 30389.5, 50: 24524.5, 51: 29018.75, 52: 28778.0, 53: 28806.25, 54: 28672.0, 55: 28290.5, 56: 24293.75, 57: 20433.75, 58: 26833.5, 59: 27158.75, 60: 19892.75, 61: 26188.5, 62: 22969.25, 63: 33722.0, 64: 25919.5, 65: 25939.75, 66: 25139.25, 67: 29230.25, 68: 21569.0, 69: 18000.5, 70: 21514.25, 71: 21571.75, 72: 21584.5, 73: 20921.25, 74: 21011.75, 75: 20981.0, 76: 20021.75, 77: 20084.75, 78: 27973.75, 79: 20683.75, 80: 22293.5, 81: 23359.25, 82: 20183.75, 83: 20141.0, 84: 23048.0, 85: 23780.0, 86: 22843.5, 87: 26211.25, 88: 19940.5, 89: 16523.5, 90: 22958.25, 91: 16526.0, 92: 16274.75, 93: 22755.5, 94: 19543.5, 95: 22262.0, 96: 19131.75, 97: 20163.25, 98: 19319.25, 99: 22104.0}
2024-10-01 17:06:37,915 : INFO : Word2Vec lifecycle event {'fname_or_handle': 'models/w2v/w2v-trained-model-20241001_165715.model', 'separately': 'None', 'sep_limit': 10485760, 'ignore': frozenset(), 'datetime': '2024-10-01T17:06:37.915896', 'gensim': '4.3.3', 'python': '3.10.15 | packaged by conda-forge | (main, Sep 30 2024, 17:51:04) [GCC 13.3.0]', 'platform': 'Linux-4.15.0-142-generic-x86_64-with-glibc2.27', 'event': 'saving'}
2024-10-01 17:06:37,921 : INFO : storing np array 'vectors' to models/w2v/w2v-trained-model-20241001_165715.model.wv.vectors.npy
2024-10-01 17:06:38,402 : INFO : storing np array 'syn1neg' to models/w2v/w2v-trained-model-20241001_165715.model.syn1neg.npy
2024-10-01 17:06:38,973 : INFO : not storing attribute cum_table
2024-10-01 17:06:39,183 : INFO : saved models/w2v/w2v-trained-model-20241001_165715.model
2024-10-01 17:06:39,183 : INFO : Model trained and saved
